生成启动时间为 2022/5/26 10:49:52。
     1>项目“D:\dungeon craft\系统学习目录\算法数据结构体系学习班\c++src\26、单调栈（续）、由斐波那契数列讲述矩阵快速幂技巧\26、单调栈（续）、由斐波那契数列讲述矩阵快速幂技巧.vcxproj”在节点 2 上(Build 个目标)。
     1>正在使用工具版本“15.0”进行生成。
       由于条件的计算结果为 false，已跳过目标“EnableIntermediateOutputPathMismatchWarning”；('$(RestoreProjectStyle)' == 'PackageReference')的计算结果为('' == 'PackageReference')。
     1>来自项目“D:\dungeon craft\系统学习目录\算法数据结构体系学习班\c++src\26、单调栈（续）、由斐波那契数列讲述矩阵快速幂技巧\26、单调栈（续）、由斐波那契数列讲述矩阵快速幂技巧.vcxproj”的文件“D:\Program Files (x86)\Microsoft Visual Studio\2017\Enterprise\MSBuild\15.0\Bin\Microsoft.Common.CurrentVersion.targets”中的目标“_CheckForInvalidConfigurationAndPlatform”(目标“SetTelemetryEnvironmentVariables”依赖于它):
       由于 false 条件，已跳过任务“Error”；( '$(_InvalidConfigurationError)' == 'true' )计算为( '' == 'true' )。
       由于 false 条件，已跳过任务“Warning”；( '$(_InvalidConfigurationWarning)' == 'true' )计算为( '' == 'true' )。
       正在使用程序集“Microsoft.Build.Tasks.Core, Version=15.1.0.0, Culture=neutral, PublicKeyToken=b03f5f7f11d50a3a”中的“Message”任务。
       任务“Message”
         Configuration=Release
       已完成执行任务“Message”的操作。
       任务“Message”
         Platform=x64
       已完成执行任务“Message”的操作。
       由于 false 条件，已跳过任务“Error”；('$(OutDir)' != '' and !HasTrailingSlash('$(OutDir)'))计算为('D:\dungeon craft\系统学习目录\算法数据结构体系学习班\c++src\x64\Release\' != '' and !HasTrailingSlash('D:\dungeon craft\系统学习目录\算法数据结构体系学习班\c++src\x64\Release\'))。
       由于 false 条件，已跳过任务“Error”；('$(BaseIntermediateOutputPath)' != '' and !HasTrailingSlash('$(BaseIntermediateOutputPath)'))计算为('obj\' != '' and !HasTrailingSlash('obj\'))。
       由于 false 条件，已跳过任务“Error”；('$(IntermediateOutputPath)' != '' and !HasTrailingSlash('$(IntermediateOutputPath)'))计算为('x64\Release\' != '' and !HasTrailingSlash('x64\Release\'))。
       由于 false 条件，已跳过任务“Error”；( '$(_InitialMSBuildProjectExtensionsPath)' != '' And '$(MSBuildProjectExtensionsPath)' != '$(_InitialMSBuildProjectExtensionsPath)' )计算为( 'D:\dungeon craft\系统学习目录\算法数据结构体系学习班\c++src\26、单调栈（续）、由斐波那契数列讲述矩阵快速幂技巧\obj\' != '' And 'D:\dungeon craft\系统学习目录\算法数据结构体系学习班\c++src\26、单调栈（续）、由斐波那契数列讲述矩阵快速幂技巧\obj\' != 'D:\dungeon craft\系统学习目录\算法数据结构体系学习班\c++src\26、单调栈（续）、由斐波那契数列讲述矩阵快速幂技巧\obj\' )。
       由于 false 条件，已跳过任务“Warning”；( '$(EnableBaseIntermediateOutputPathMismatchWarning)' == 'true' And '$(_InitialBaseIntermediateOutputPath)' != '$(BaseIntermediateOutputPath)' And '$(BaseIntermediateOutputPath)' != '$(MSBuildProjectExtensionsPath)' )计算为( '' == 'true' And 'obj\' != 'obj\' And 'obj\' != 'D:\dungeon craft\系统学习目录\算法数据结构体系学习班\c++src\26、单调栈（续）、由斐波那契数列讲述矩阵快速幂技巧\obj\' )。
     1>已完成在项目“26、单调栈（续）、由斐波那契数列讲述矩阵快速幂技巧.vcxproj”中生成目标“_CheckForInvalidConfigurationAndPlatform”的操作。
       已跳过目标“_CheckForInvalidConfigurationAndPlatform”。以前的生成已成功。
     1>来自项目“D:\dungeon craft\系统学习目录\算法数据结构体系学习班\c++src\26、单调栈（续）、由斐波那契数列讲述矩阵快速幂技巧\26、单调栈（续）、由斐波那契数列讲述矩阵快速幂技巧.vcxproj”的文件“D:\Program Files (x86)\Microsoft Visual Studio\2017\Enterprise\Common7\IDE\VC\VCTargets\Microsoft.Cpp.DesignTime.targets”中的目标“SetTelemetryEnvironmentVariables”(目标“Build”依赖于它):
       正在使用程序集“D:\Program Files (x86)\Microsoft Visual Studio\2017\Enterprise\Common7\IDE\VC\VCTargets\Microsoft.Build.CppTasks.Common.dll”中的“SetEnv”任务。
       任务“SetEnv”
         VSTEL_SolutionSessionID={F15A59DD-4E1B-4C2D-88FF-5DB74CA78AF4}
       已完成执行任务“SetEnv”的操作。
       任务“SetEnv”
         VSTEL_CurrentSolutionBuildID=347375312
       已完成执行任务“SetEnv”的操作。
       任务“SetEnv”
         VSTEL_ProjectID={E20285D0-6D99-4654-B960-AC2BB4CF1D58}
       已完成执行任务“SetEnv”的操作。
     1>已完成在项目“26、单调栈（续）、由斐波那契数列讲述矩阵快速幂技巧.vcxproj”中生成目标“SetTelemetryEnvironmentVariables”的操作。
     1>来自项目“D:\dungeon craft\系统学习目录\算法数据结构体系学习班\c++src\26、单调栈（续）、由斐波那契数列讲述矩阵快速幂技巧\26、单调栈（续）、由斐波那契数列讲述矩阵快速幂技巧.vcxproj”的文件“D:\Program Files (x86)\Microsoft Visual Studio\2017\Enterprise\Common7\IDE\VC\VCTargets\Microsoft.BuildSteps.Targets”中的目标“_PrepareForBuild”(目标“Build”依赖于它):
       由于 false 条件，已跳过任务“CreateItem”；('%(CustomBuild.IncludeFileToTool)'!='')计算为(''!='')。
     1>已完成在项目“26、单调栈（续）、由斐波那契数列讲述矩阵快速幂技巧.vcxproj”中生成目标“_PrepareForBuild”的操作。
     1>来自项目“D:\dungeon craft\系统学习目录\算法数据结构体系学习班\c++src\26、单调栈（续）、由斐波那契数列讲述矩阵快速幂技巧\26、单调栈（续）、由斐波那契数列讲述矩阵快速幂技巧.vcxproj”的文件“D:\Program Files (x86)\Microsoft Visual Studio\2017\Enterprise\Common7\IDE\VC\VCTargets\Microsoft.CppBuild.targets”中的目标“_PrepareForReferenceResolution”(目标“ResolveReferences”依赖于它):
       由于 false 条件，已跳过任务“Message”；('$(_REFERENCE_DEBUG)'=='true')计算为(''=='true')。
     1>已完成在项目“26、单调栈（续）、由斐波那契数列讲述矩阵快速幂技巧.vcxproj”中生成目标“_PrepareForReferenceResolution”的操作。
       由于条件的计算结果为 false，已跳过目标“ComputeCrtSDKReference”；('@(ClCompile)'!='' and '$(WindowsAppContainer)'=='true' and '$(UseCrtSDKReference)' != 'false')的计算结果为('main.cpp'!='' and 'false'=='true' and '' != 'false')。
     1>来自项目“D:\dungeon craft\系统学习目录\算法数据结构体系学习班\c++src\26、单调栈（续）、由斐波那契数列讲述矩阵快速幂技巧\26、单调栈（续）、由斐波那契数列讲述矩阵快速幂技巧.vcxproj”的文件“D:\Program Files (x86)\Microsoft Visual Studio\2017\Enterprise\MSBuild\15.0\Bin\Microsoft.Common.CurrentVersion.targets”中的目标“BeforeResolveReferences”(目标“ResolveReferences”依赖于它):
     1>已完成在项目“26、单调栈（续）、由斐波那契数列讲述矩阵快速幂技巧.vcxproj”中生成目标“BeforeResolveReferences”的操作。
     1>来自项目“D:\dungeon craft\系统学习目录\算法数据结构体系学习班\c++src\26、单调栈（续）、由斐波那契数列讲述矩阵快速幂技巧\26、单调栈（续）、由斐波那契数列讲述矩阵快速幂技巧.vcxproj”的文件“D:\Program Files (x86)\Microsoft Visual Studio\2017\Enterprise\MSBuild\15.0\Bin\Microsoft.Common.CurrentVersion.targets”中的目标“AssignProjectConfiguration”(目标“ResolveReferences”依赖于它):
       正在使用程序集“Microsoft.Build.Tasks.Core, Version=15.1.0.0, Culture=neutral, PublicKeyToken=b03f5f7f11d50a3a”中的“AssignProjectConfiguration”任务。
       任务“AssignProjectConfiguration”
       已完成执行任务“AssignProjectConfiguration”的操作。
     1>已完成在项目“26、单调栈（续）、由斐波那契数列讲述矩阵快速幂技巧.vcxproj”中生成目标“AssignProjectConfiguration”的操作。
       已跳过目标“AssignProjectConfiguration”。以前的生成已成功。
     1>来自项目“D:\dungeon craft\系统学习目录\算法数据结构体系学习班\c++src\26、单调栈（续）、由斐波那契数列讲述矩阵快速幂技巧\26、单调栈（续）、由斐波那契数列讲述矩阵快速幂技巧.vcxproj”的文件“D:\Program Files (x86)\Microsoft Visual Studio\2017\Enterprise\MSBuild\15.0\Bin\Microsoft.Common.CurrentVersion.targets”中的目标“_SplitProjectReferencesByFileExistence”(目标“PrepareProjectReferences”依赖于它):
       由于 false 条件，已跳过任务“ResolveNonMSBuildProjectOutput”；('$(BuildingInsideVisualStudio)'=='true' and '@(ProjectReferenceWithConfiguration)'!='')计算为('true'=='true' and ''!='')。
     1>已完成在项目“26、单调栈（续）、由斐波那契数列讲述矩阵快速幂技巧.vcxproj”中生成目标“_SplitProjectReferencesByFileExistence”的操作。
     1>来自项目“D:\dungeon craft\系统学习目录\算法数据结构体系学习班\c++src\26、单调栈（续）、由斐波那契数列讲述矩阵快速幂技巧\26、单调栈（续）、由斐波那契数列讲述矩阵快速幂技巧.vcxproj”的文件“D:\Program Files (x86)\Microsoft Visual Studio\2017\Enterprise\MSBuild\15.0\Bin\Microsoft.Common.CurrentVersion.targets”中的目标“_GetProjectReferenceTargetFrameworkProperties”(目标“PrepareProjectReferences”依赖于它):
       正在使用程序集“Microsoft.Build.Tasks.Core, Version=15.1.0.0, Culture=neutral, PublicKeyToken=b03f5f7f11d50a3a”中的“MSBuild”任务。
       任务“MSBuild”
       已完成执行任务“MSBuild”的操作。
       由于 false 条件，已跳过任务“GetReferenceNearestTargetFrameworkTask”；('@(_ProjectReferenceTargetFrameworkPossibilities->Count())' != '0' and '$(ReferringTargetFrameworkForProjectReferences)' != '')计算为('0' != '0' and '.NETFramework,Version=v4.0' != '')。
     1>已完成在项目“26、单调栈（续）、由斐波那契数列讲述矩阵快速幂技巧.vcxproj”中生成目标“_GetProjectReferenceTargetFrameworkProperties”的操作。
     1>来自项目“D:\dungeon craft\系统学习目录\算法数据结构体系学习班\c++src\26、单调栈（续）、由斐波那契数列讲述矩阵快速幂技巧\26、单调栈（续）、由斐波那契数列讲述矩阵快速幂技巧.vcxproj”的文件“D:\Program Files (x86)\Microsoft Visual Studio\2017\Enterprise\MSBuild\15.0\Bin\Microsoft.Common.CurrentVersion.targets”中的目标“PrepareProjectReferences”(目标“ResolveProjectReferences”依赖于它):
     1>已完成在项目“26、单调栈（续）、由斐波那契数列讲述矩阵快速幂技巧.vcxproj”中生成目标“PrepareProjectReferences”的操作。
       由于条件的计算结果为 false，已跳过目标“_RemoveNameMetadataFromProjectReferenceItems”；('@(ProjectReference)'!='')的计算结果为(''!='')。
     1>来自项目“D:\dungeon craft\系统学习目录\算法数据结构体系学习班\c++src\26、单调栈（续）、由斐波那契数列讲述矩阵快速幂技巧\26、单调栈（续）、由斐波那契数列讲述矩阵快速幂技巧.vcxproj”的文件“D:\Program Files (x86)\Microsoft Visual Studio\2017\Enterprise\MSBuild\15.0\Bin\Microsoft.Common.CurrentVersion.targets”中的目标“ResolveProjectReferences”(目标“ResolveReferences”依赖于它):
       由于 false 条件，已跳过任务“MSBuild”；('%(_MSBuildProjectReferenceExistent.BuildReference)' == 'true' and '@(ProjectReferenceWithConfiguration)' != '' and ('$(BuildingInsideVisualStudio)' == 'true' or '$(BuildProjectReferences)' != 'true') and '$(VisualStudioVersion)' != '10.0' and '@(_MSBuildProjectReferenceExistent)' != '')计算为('' == 'true' and '' != '' and ('true' == 'true' or 'true' != 'true') and '15.0' != '10.0' and '' != '')。
       由于 false 条件，已跳过任务“MSBuild”；('%(_MSBuildProjectReferenceExistent.BuildReference)' == 'true' and '@(ProjectReferenceWithConfiguration)' != '' and ('$(BuildingInsideVisualStudio)' == 'true' or '$(BuildProjectReferences)' != 'true') and '$(VisualStudioVersion)' == '10.0' and '@(_MSBuildProjectReferenceExistent)' != '')计算为('' == 'true' and '' != '' and ('true' == 'true' or 'true' != 'true') and '15.0' == '10.0' and '' != '')。
       由于 false 条件，已跳过任务“MSBuild”；('%(_MSBuildProjectReferenceExistent.BuildReference)' == 'true' and '@(ProjectReferenceWithConfiguration)' != '' and '$(BuildingInsideVisualStudio)' != 'true' and '$(BuildProjectReferences)' == 'true' and '@(_MSBuildProjectReferenceExistent)' != '')计算为('' == 'true' and '' != '' and 'true' != 'true' and 'true' == 'true' and '' != '')。
       由于 false 条件，已跳过任务“MSBuild”；('%(_MSBuildProjectReferenceExistent.BuildReference)' == 'true' and '@(ProjectReferenceWithConfiguration)' != '' and '$(BuildingProject)' == 'true' and '@(_MSBuildProjectReferenceExistent)' != '')计算为('' == 'true' and '' != '' and 'true' == 'true' and '' != '')。
       由于 false 条件，已跳过任务“Warning”；('@(ProjectReferenceWithConfiguration)' != '' and '@(_MSBuildProjectReferenceNonexistent)' != '')计算为('' != '' and '' != '')。
     1>已完成在项目“26、单调栈（续）、由斐波那契数列讲述矩阵快速幂技巧.vcxproj”中生成目标“ResolveProjectReferences”的操作。
       由于条件的计算结果为 false，已跳过目标“FindInvalidProjectReferences”；('$(FindInvalidProjectReferences)' == 'true')的计算结果为('' == 'true')。
       由于条件的计算结果为 false，已跳过目标“ResolveNativeReferences”；('@(NativeReference)'!='')的计算结果为(''!='')。
       已跳过目标“_PrepareForReferenceResolution”。以前的生成已成功。
       已跳过目标“ResolveProjectReferences”。以前的生成已成功。
       由于条件的计算结果为 false，已跳过目标“FindInvalidProjectReferences”；('$(FindInvalidProjectReferences)' == 'true')的计算结果为('' == 'true')。
     1>来自项目“D:\dungeon craft\系统学习目录\算法数据结构体系学习班\c++src\26、单调栈（续）、由斐波那契数列讲述矩阵快速幂技巧\26、单调栈（续）、由斐波那契数列讲述矩阵快速幂技巧.vcxproj”的文件“D:\Program Files (x86)\Microsoft Visual Studio\2017\Enterprise\MSBuild\15.0\Bin\Microsoft.NETFramework.CurrentVersion.targets”中的目标“GetFrameworkPaths”(目标“ResolveAssemblyReferences”依赖于它):
     1>已完成在项目“26、单调栈（续）、由斐波那契数列讲述矩阵快速幂技巧.vcxproj”中生成目标“GetFrameworkPaths”的操作。
       已跳过目标“_PrepareForReferenceResolution”。以前的生成已成功。
       由于条件的计算结果为 false，已跳过目标“GetWinFXPath”；(('@(Page)' != '' or '@(ApplicationDefinition)' != '' or '@(Resource)' != '') and ('$(GetWinFXNativePath)' != '' or '$(GetWinFXWoWPath)' != '' ))的计算结果为(('' != '' or '' != '' or '' != '') and ('' != '' or '' != '' ))。
       已跳过目标“GetFrameworkPaths”。以前的生成已成功。
     1>来自项目“D:\dungeon craft\系统学习目录\算法数据结构体系学习班\c++src\26、单调栈（续）、由斐波那契数列讲述矩阵快速幂技巧\26、单调栈（续）、由斐波那契数列讲述矩阵快速幂技巧.vcxproj”的文件“D:\Program Files (x86)\Microsoft Visual Studio\2017\Enterprise\MSBuild\15.0\Bin\Microsoft.Common.CurrentVersion.targets”中的目标“GetReferenceAssemblyPaths”(目标“ResolveAssemblyReferences”依赖于它):
       由于 false 条件，已跳过任务“GetReferenceAssemblyPaths”；('$(TargetFrameworkMoniker)' != '' and ('$(_TargetFrameworkDirectories)' == '' or '$(_FullFrameworkReferenceAssemblyPaths)' == ''))计算为('' != '' and ('C:\Program Files (x86)\Reference Assemblies\Microsoft\Framework\.NETFramework\v4.0' == '' or 'C:\Program Files (x86)\Reference Assemblies\Microsoft\Framework\.NETFramework\v4.0' == ''))。
     1>已完成在项目“26、单调栈（续）、由斐波那契数列讲述矩阵快速幂技巧.vcxproj”中生成目标“GetReferenceAssemblyPaths”的操作。
     1>来自项目“D:\dungeon craft\系统学习目录\算法数据结构体系学习班\c++src\26、单调栈（续）、由斐波那契数列讲述矩阵快速幂技巧\26、单调栈（续）、由斐波那契数列讲述矩阵快速幂技巧.vcxproj”的文件“D:\Program Files (x86)\Microsoft Visual Studio\2017\Enterprise\Common7\IDE\VC\VCTargets\Microsoft.Cpp.Current.targets”中的目标“SetBuildDefaultEnvironmentVariables”(目标“PrepareForBuild”依赖于它):
       任务“SetEnv”
         PATH=D:\Program Files (x86)\Microsoft Visual Studio\2017\Enterprise\VC\Tools\MSVC\14.16.27023\bin\HostX86\x64;D:\Program Files (x86)\Microsoft Visual Studio\2017\Enterprise\VC\Tools\MSVC\14.16.27023\bin\HostX86\x86;D:\Windows Kits\10\bin\10.0.17763.0\x86;;C:\Program Files (x86)\Microsoft SDKs\Windows\v10.0A\bin\NETFX 4.6.1 Tools;D:\Program Files (x86)\Microsoft Visual Studio\2017\Enterprise\Common7\tools;D:\Program Files (x86)\Microsoft Visual Studio\2017\Enterprise\Common7\ide;C:\Program Files (x86)\HTML Help Workshop;;D:\Program Files (x86)\Microsoft Visual Studio\2017\Enterprise\MSBuild\15.0\Bin;C:\windows\Microsoft.NET\Framework\v4.0.30319\;;D:\Program Files\Eclipse Adoptium\jdk-17.0.3.7-hotspot\bin;D:\ppplo\Programs\python37\Scripts\;D:\ppplo\Programs\python37\;D:\ppplo\Programs\Python\Python39\Scripts\;D:\ppplo\Programs\Python\Python39\;D:\Program Files (x86)\VMware\VMware Workstation\bin\;C:\windows\system32;C:\windows;C:\windows\System32\Wbem;C:\windows\System32\WindowsPowerShell\v1.0\;C:\windows\System32\OpenSSH\;C:\Program Files (x86)\NVIDIA Corporation\PhysX\Common;C:\Program Files\NVIDIA Corporation\NVIDIA NvDLISR;C:\Program Files\dotnet\;C:\Program Files\Microsoft SQL Server\130\Tools\Binn\;D:\Program Files\Git\cmd;D:\Program Files\TortoiseGit\bin;D:\Program Files (x86)\NetSarang\Xmanager 7\;D:\Program Files (x86)\NetSarang\Xshell 7\;D:\Program Files (x86)\NetSarang\Xftp 7\;D:\Program Files (x86)\NetSarang\Xlpd 7\;D:\Program Files\CMake\bin;D:\Program Files\HDF_Group\HDF5\1.12.1\bin\;D:\Program Files\IDM Computer Solutions\UltraCompare;C:\Users\ppplo\AppData\Local\Microsoft\WindowsApps;C:\Users\ppplo\.dotnet\tools;D:\Program Files\JetBrains\PyCharm Community Edition 2021.2.2\bin;;D:\Programs\Microsoft VS Code\bin;
       已完成执行任务“SetEnv”的操作。
       任务“SetEnv”
         LIB=D:\Program Files (x86)\Microsoft Visual Studio\2017\Enterprise\VC\Tools\MSVC\14.16.27023\lib\x64;;D:\Program Files (x86)\Microsoft Visual Studio\2017\Enterprise\VC\Tools\MSVC\14.16.27023\atlmfc\lib\x64;;D:\Program Files (x86)\Microsoft Visual Studio\2017\Enterprise\VC\Auxiliary\VS\lib\x64;;D:\Windows Kits\10\lib\10.0.17763.0\ucrt\x64;;;D:\Windows Kits\10\lib\10.0.17763.0\um\x64;C:\Program Files (x86)\Windows Kits\NETFXSDK\4.6.1\lib\um\x64;;C:\Program Files (x86)\Windows Kits\NETFXSDK\4.6.1\Lib\um\x64
       已完成执行任务“SetEnv”的操作。
       任务“SetEnv”
         LIBPATH=D:\Program Files (x86)\Microsoft Visual Studio\2017\Enterprise\VC\Tools\MSVC\14.16.27023\atlmfc\lib\x64;;D:\Program Files (x86)\Microsoft Visual Studio\2017\Enterprise\VC\Tools\MSVC\14.16.27023\lib\x64;
       已完成执行任务“SetEnv”的操作。
       任务“SetEnv”
         INCLUDE=D:\Program Files (x86)\Microsoft Visual Studio\2017\Enterprise\VC\Tools\MSVC\14.16.27023\include;;D:\Program Files (x86)\Microsoft Visual Studio\2017\Enterprise\VC\Tools\MSVC\14.16.27023\atlmfc\include;;D:\Program Files (x86)\Microsoft Visual Studio\2017\Enterprise\VC\Auxiliary\VS\include;;D:\Windows Kits\10\Include\10.0.17763.0\ucrt;;;D:\Windows Kits\10\Include\10.0.17763.0\um;D:\Windows Kits\10\Include\10.0.17763.0\shared;D:\Windows Kits\10\Include\10.0.17763.0\winrt;D:\Windows Kits\10\Include\10.0.17763.0\cppwinrt;C:\Program Files (x86)\Windows Kits\NETFXSDK\4.6.1\Include\um;C:\Program Files (x86)\Windows Kits\NETFXSDK\4.6.1\Include\um;
       已完成执行任务“SetEnv”的操作。
     1>已完成在项目“26、单调栈（续）、由斐波那契数列讲述矩阵快速幂技巧.vcxproj”中生成目标“SetBuildDefaultEnvironmentVariables”的操作。
       由于条件的计算结果为 false，已跳过目标“SetUserMacroEnvironmentVariables”；('@(BuildMacro)' != '' and '$(DesignTimeBuild)' != 'true')的计算结果为('' != '' and '' != 'true')。
       已跳过目标“_PrepareForReferenceResolution”。以前的生成已成功。
     1>来自项目“D:\dungeon craft\系统学习目录\算法数据结构体系学习班\c++src\26、单调栈（续）、由斐波那契数列讲述矩阵快速幂技巧\26、单调栈（续）、由斐波那契数列讲述矩阵快速幂技巧.vcxproj”的文件“D:\Program Files (x86)\Microsoft Visual Studio\2017\Enterprise\Common7\IDE\VC\VCTargets\Microsoft.CppBuild.targets”中的目标“GetResolvedWinMD”(目标“PrepareForBuild”依赖于它):
     1>已完成在项目“26、单调栈（续）、由斐波那契数列讲述矩阵快速幂技巧.vcxproj”中生成目标“GetResolvedWinMD”的操作。
     1>来自项目“D:\dungeon craft\系统学习目录\算法数据结构体系学习班\c++src\26、单调栈（续）、由斐波那契数列讲述矩阵快速幂技巧\26、单调栈（续）、由斐波那契数列讲述矩阵快速幂技巧.vcxproj”的文件“D:\Program Files (x86)\Microsoft Visual Studio\2017\Enterprise\Common7\IDE\VC\VCTargets\Microsoft.Cpp.Platform.targets”中的目标“PlatformPrepareForBuild”(目标“PrepareForBuild”依赖于它):
       由于 false 条件，已跳过任务“VCMessage”；('$(_Error64bitToolsNotInstalled)' == 'true')计算为('' == 'true')。
       由于 false 条件，已跳过任务“VCMessage”；('$(DesignTimeBuild)'!='true' and '$(_ToolsetFound)' != 'true' and '$(PlatformToolset)' == '')计算为(''!='true' and 'true' != 'true' and 'v141' == '')。
       由于 false 条件，已跳过任务“VCMessage”；('$(DesignTimeBuild)'!='true' and '$(_ToolsetFound)' != 'true' and '$(PlatformToolset)' == 'v110')计算为(''!='true' and 'true' != 'true' and 'v141' == 'v110')。
       由于 false 条件，已跳过任务“VCMessage”；('$(DesignTimeBuild)'!='true' and '$(_ToolsetFound)' != 'true' and '$(PlatformToolset)' == 'v100')计算为(''!='true' and 'true' != 'true' and 'v141' == 'v100')。
       由于 false 条件，已跳过任务“VCMessage”；('$(DesignTimeBuild)'!='true' and '$(_ToolsetFound)' != 'true' and '$(PlatformToolset)' == 'v90')计算为(''!='true' and 'true' != 'true' and 'v141' == 'v90')。
       由于 false 条件，已跳过任务“VCMessage”；('$(DesignTimeBuild)'!='true' and '$(_ToolsetFound)' != 'true' and '$(PlatformToolset)' != 'v90' and '$(PlatformToolset)' != 'v100' and '$(PlatformToolset)' != 'v110')计算为(''!='true' and 'true' != 'true' and 'v141' != 'v90' and 'v141' != 'v100' and 'v141' != 'v110')。
     1>已完成在项目“26、单调栈（续）、由斐波那契数列讲述矩阵快速幂技巧.vcxproj”中生成目标“PlatformPrepareForBuild”的操作。
     1>来自项目“D:\dungeon craft\系统学习目录\算法数据结构体系学习班\c++src\26、单调栈（续）、由斐波那契数列讲述矩阵快速幂技巧\26、单调栈（续）、由斐波那契数列讲述矩阵快速幂技巧.vcxproj”的文件“D:\Program Files (x86)\Microsoft Visual Studio\2017\Enterprise\Common7\IDE\VC\VCTargets\Microsoft.Cpp.WindowsSDK.targets”中的目标“_CheckWindowsSDKInstalled”(目标“PrepareForBuild”依赖于它):
       由于 false 条件，已跳过任务“VCMessage”；('$(WindowsSDKInstalled)' != 'true')计算为('true' != 'true')。
       由于 false 条件，已跳过任务“VCMessage”；('$(WindowsAppContainer)' != 'true' and '$(WindowsSDK_Desktop_Support)' != true)计算为('false' != 'true' and 'true' != true)。
     1>已完成在项目“26、单调栈（续）、由斐波那契数列讲述矩阵快速幂技巧.vcxproj”中生成目标“_CheckWindowsSDKInstalled”的操作。
       已跳过目标“GetFrameworkPaths”。以前的生成已成功。
       已跳过目标“GetReferenceAssemblyPaths”。以前的生成已成功。
       由于条件的计算结果为 false，已跳过目标“AssignLinkMetadata”；( '$(SynthesizeLinkMetadata)' == 'true' )的计算结果为( '' == 'true' )。
     1>来自项目“D:\dungeon craft\系统学习目录\算法数据结构体系学习班\c++src\26、单调栈（续）、由斐波那契数列讲述矩阵快速幂技巧\26、单调栈（续）、由斐波那契数列讲述矩阵快速幂技巧.vcxproj”的文件“D:\Program Files (x86)\Microsoft Visual Studio\2017\Enterprise\MSBuild\Microsoft\VisualStudio\v15.0\CodeAnalysis\Microsoft.CodeAnalysis.targets”中的目标“SetCABuildNativeEnvironmentVariables”(目标“PrepareForBuild”依赖于它):
       任务“SetEnv”
         CAExcludePath=D:\Program Files (x86)\Microsoft Visual Studio\2017\Enterprise\VC\Tools\MSVC\14.16.27023\atlmfc\include;D:\Program Files (x86)\Microsoft Visual Studio\2017\Enterprise\VC\Tools\MSVC\14.16.27023\include;D:\Windows Kits\10\Include\10.0.17763.0\ucrt;;D:\Windows Kits\10\Include\10.0.17763.0\um;D:\Windows Kits\10\Include\10.0.17763.0\shared;D:\Windows Kits\10\Include\10.0.17763.0\winrt;D:\Windows Kits\10\Include\10.0.17763.0\cppwinrt;C:\Program Files (x86)\Windows Kits\NETFXSDK\4.6.1\Include\um;C:\Program Files (x86)\Windows Kits\NETFXSDK\4.6.1\Include\um;
       已完成执行任务“SetEnv”的操作。
     1>已完成在项目“26、单调栈（续）、由斐波那契数列讲述矩阵快速幂技巧.vcxproj”中生成目标“SetCABuildNativeEnvironmentVariables”的操作。
     1>来自项目“D:\dungeon craft\系统学习目录\算法数据结构体系学习班\c++src\26、单调栈（续）、由斐波那契数列讲述矩阵快速幂技巧\26、单调栈（续）、由斐波那契数列讲述矩阵快速幂技巧.vcxproj”的文件“D:\Program Files (x86)\Microsoft Visual Studio\2017\Enterprise\Common7\IDE\VC\VCTargets\Microsoft.CppBuild.targets”中的目标“PrepareForBuild”(目标“ResolveAssemblyReferences”依赖于它):
       由于 false 条件，已跳过任务“VCMessage”；('$(DesignTimeBuild)' != 'true' and '$(ConfigurationPlatformExists)' != 'true')计算为('' != 'true' and 'true' != 'true')。
       正在使用程序集“Microsoft.Build.Tasks.Core, Version=15.1.0.0, Culture=neutral, PublicKeyToken=b03f5f7f11d50a3a”中的“MakeDir”任务。
       任务“MakeDir”
       已完成执行任务“MakeDir”的操作。
       由于 false 条件，已跳过任务“VCMessage”；('$(DesignTimeBuild)'!='true' and '$(WindowsAppContainer)'=='true' and '$(ConfigurationType)'!='Application' and '$(ConfigurationType)'!='DynamicLibrary' and '$(ConfigurationType)'!='StaticLibrary')计算为(''!='true' and 'false'=='true' and 'Application'!='Application' and 'Application'!='DynamicLibrary' and 'Application'!='StaticLibrary')。
       由于 false 条件，已跳过任务“VCMessage”；('$(DesignTimeBuild)'!='true' and '$(VCToolsInstallDir)'=='' and '$(UseEnv)' != 'true' and ('$(TargetFrameworkVersion)'=='v3.5' or '$(TargetFrameworkVersion)'=='v3.0' or '$(TargetFrameworkVersion)'=='v2.0' ))计算为(''!='true' and 'D:\Program Files (x86)\Microsoft Visual Studio\2017\Enterprise\VC\Tools\MSVC\14.16.27023\'=='' and '' != 'true' and ('v4.0'=='v3.5' or 'v4.0'=='v3.0' or 'v4.0'=='v2.0' ))。
       由于 false 条件，已跳过任务“VCMessage”；('$(DesignTimeBuild)'!='true' and '$(VCToolsInstallDir)'=='' and '$(UseEnv)' != 'true' and '$(PlatformToolset)'=='v90')计算为(''!='true' and 'D:\Program Files (x86)\Microsoft Visual Studio\2017\Enterprise\VC\Tools\MSVC\14.16.27023\'=='' and '' != 'true' and 'v141'=='v90')。
       由于 false 条件，已跳过任务“VCMessage”；('$(DesignTimeBuild)'!='true' and '$(VCToolsInstallDir)'=='' and '$(UseEnv)' != 'true')计算为(''!='true' and 'D:\Program Files (x86)\Microsoft Visual Studio\2017\Enterprise\VC\Tools\MSVC\14.16.27023\'=='' and '' != 'true')。
       由于 false 条件，已跳过任务“VCMessage”；('$(DesignTimeBuild)'!='true' and '$(WindowsSDKDir)'=='' and '$(UseEnv)' != 'true')计算为(''!='true' and 'D:\Windows Kits\10\'=='' and '' != 'true')。
       由于 false 条件，已跳过任务“VCMessage”；('$(DesignTimeBuild)'!='true' and '$(IntDirTrailingSlashWarning)'=='true')计算为(''!='true' and ''=='true')。
       由于 false 条件，已跳过任务“VCMessage”；('$(DesignTimeBuild)'!='true' and '$(OutDirTrailingSlashWarning)'=='true')计算为(''!='true' and ''=='true')。
       由于 false 条件，已跳过任务“VCMessage”；('%(CompatibilityIssues.Identity)' != '' and '$(DesignTimeBuild)'!='true')计算为('' != '' and ''!='true')。
       由于 false 条件，已跳过任务“VCMessage”；('$(IgnoreWarnIntDirSharingDetected)' != 'true' and '$(IntDirSharingDetected)' == 'true')计算为('' != 'true' and '' == 'true')。
       由于 false 条件，已跳过任务“VCMessage”；('$(DesignTimeBuild)'!='true' and '$(IgnoreWarnIntDirInTempDetected)' != 'true' and ('$(_IntDirFullpath.StartsWith($(Tmp), true, null))' == 'true' or '$(_IntDirFullpath.StartsWith($(Temp), true, null))' == 'true' or '$(_OutDirFullpath.StartsWith($(Tmp), true, null))' == 'true' or '$(_OutDirFullpath.StartsWith($(Temp), true, null))' == 'true'))计算为(''!='true' and '' != 'true' and ('False' == 'true' or 'False' == 'true' or 'False' == 'true' or 'False' == 'true'))。
       由于 false 条件，已跳过任务“VCMessage”；('$(DesignTimeBuild)' != 'true' and '$(SpectreMitigation)' != '' and '$(SpectreMitigation)' != 'false' and (('$(_VC_Target_Library_Platform)' == 'OneCore' and !Exists('$(VC_LibraryPath_VC_x86_OneCore)')) or ('$(_VC_Target_Library_Platform)' == 'Desktop' and !Exists('$(VC_LibraryPath_VC_x86_Desktop)'))))计算为('' != 'true' and 'false' != '' and 'false' != 'false' and (('Desktop' == 'OneCore' and !Exists('D:\Program Files (x86)\Microsoft Visual Studio\2017\Enterprise\VC\Tools\MSVC\14.16.27023\lib\onecore\x86')) or ('Desktop' == 'Desktop' and !Exists('D:\Program Files (x86)\Microsoft Visual Studio\2017\Enterprise\VC\Tools\MSVC\14.16.27023\lib\x86'))))。
       任务“MakeDir”
         正在创建目录“D:\dungeon craft\系统学习目录\算法数据结构体系学习班\c++src\x64\Release\”。
         正在创建目录“x64\Release\26、单调栈（续.E20285D0.tlog\”。
       已完成执行任务“MakeDir”的操作。
     1>已完成在项目“26、单调栈（续）、由斐波那契数列讲述矩阵快速幂技巧.vcxproj”中生成目标“PrepareForBuild”的操作。
       已跳过目标“_PrepareForReferenceResolution”。以前的生成已成功。
       由于条件的计算结果为 false，已跳过目标“ComputeCrtSDKReference”；('@(ClCompile)'!='' and '$(WindowsAppContainer)'=='true' and '$(UseCrtSDKReference)' != 'false')的计算结果为('main.cpp'!='' and 'false'=='true' and '' != 'false')。
       由于条件的计算结果为 false，已跳过目标“GetInstalledSDKLocations”；('@(SDKReference)' != '')的计算结果为('' != '')。
     1>来自项目“D:\dungeon craft\系统学习目录\算法数据结构体系学习班\c++src\26、单调栈（续）、由斐波那契数列讲述矩阵快速幂技巧\26、单调栈（续）、由斐波那契数列讲述矩阵快速幂技巧.vcxproj”的文件“D:\Program Files (x86)\Microsoft Visual Studio\2017\Enterprise\MSBuild\15.0\Bin\Microsoft.Common.CurrentVersion.targets”中的目标“ResolveSDKReferences”(目标“ResolveAssemblyReferences”依赖于它):
       由于 false 条件，已跳过任务“ResolveSDKReference”；('@(SDKReference)'!='')计算为(''!='')。
     1>已完成在项目“26、单调栈（续）、由斐波那契数列讲述矩阵快速幂技巧.vcxproj”中生成目标“ResolveSDKReferences”的操作。
       已跳过目标“ResolveSDKReferences”。以前的生成已成功。
     1>来自项目“D:\dungeon craft\系统学习目录\算法数据结构体系学习班\c++src\26、单调栈（续）、由斐波那契数列讲述矩阵快速幂技巧\26、单调栈（续）、由斐波那契数列讲述矩阵快速幂技巧.vcxproj”的文件“D:\Program Files (x86)\Microsoft Visual Studio\2017\Enterprise\MSBuild\15.0\Bin\Microsoft.Common.CurrentVersion.targets”中的目标“ExpandSDKReferences”(目标“ResolveAssemblyReferences”依赖于它):
       由于 false 条件，已跳过任务“GetSDKReferenceFiles”；('@(ResolvedSDKReference)'!='')计算为(''!='')。
     1>已完成在项目“26、单调栈（续）、由斐波那契数列讲述矩阵快速幂技巧.vcxproj”中生成目标“ExpandSDKReferences”的操作。
       由于条件的计算结果为 false，已跳过目标“ResolveNuGetPackageAssets”；('$(ResolveNuGetPackages)' == 'true' and exists('$(ProjectLockFile)'))的计算结果为('true' == 'true' and exists('obj\project.assets.json'))。
       由于条件的计算结果为 false，已跳过目标“FakesGenerateBeforeBuild”；(@(Fakes) != '' AND $(BuildingProject))的计算结果为( != '' AND true)。
       由于条件的计算结果为 false，已跳过目标“ImplicitlyExpandNETStandardFacades”；('$(ImplicitlyExpandNETStandardFacades)' == 'true')的计算结果为('' == 'true')。
       已跳过目标“GetReferenceAssemblyPaths”。以前的生成已成功。
       由于条件的计算结果为 false，已跳过目标“ImplicitlyExpandNETStandardFacades”；('$(ImplicitlyExpandNETStandardFacades)' == 'true')的计算结果为('' == 'true')。
     1>来自项目“D:\dungeon craft\系统学习目录\算法数据结构体系学习班\c++src\26、单调栈（续）、由斐波那契数列讲述矩阵快速幂技巧\26、单调栈（续）、由斐波那契数列讲述矩阵快速幂技巧.vcxproj”的文件“D:\Program Files (x86)\Microsoft Visual Studio\2017\Enterprise\MSBuild\Microsoft\Microsoft.NET.Build.Extensions\Microsoft.NET.Build.Extensions.ConflictResolution.targets”中的目标“_HandlePackageFileConflicts”(目标“ResolveAssemblyReferences”依赖于它):
       正在使用程序集“D:\Program Files (x86)\Microsoft Visual Studio\2017\Enterprise\MSBuild\Microsoft\Microsoft.NET.Build.Extensions\\tools\net46\Microsoft.NET.Build.Extensions.Tasks.dll”中的“ResolvePackageFileConflicts”任务。
       任务“ResolvePackageFileConflicts”
       已完成执行任务“ResolvePackageFileConflicts”的操作。
     1>已完成在项目“26、单调栈（续）、由斐波那契数列讲述矩阵快速幂技巧.vcxproj”中生成目标“_HandlePackageFileConflicts”的操作。
     1>来自项目“D:\dungeon craft\系统学习目录\算法数据结构体系学习班\c++src\26、单调栈（续）、由斐波那契数列讲述矩阵快速幂技巧\26、单调栈（续）、由斐波那契数列讲述矩阵快速幂技巧.vcxproj”的文件“D:\Program Files (x86)\Microsoft Visual Studio\2017\Enterprise\MSBuild\15.0\Bin\Microsoft.Common.CurrentVersion.targets”中的目标“ResolveAssemblyReferences”(目标“ResolveReferences”依赖于它):
       由于 false 条件，已跳过任务“ResolveAssemblyReference”；('@(Reference)'!='' or '@(_ResolvedProjectReferencePaths)'!='' or '@(_ExplicitReference)' != '')计算为(''!='' or ''!='' or '' != '')。
     1>已完成在项目“26、单调栈（续）、由斐波那契数列讲述矩阵快速幂技巧.vcxproj”中生成目标“ResolveAssemblyReferences”的操作。
       由于条件的计算结果为 false，已跳过目标“GenerateBindingRedirects”；('$(AutoGenerateBindingRedirects)' == 'true' and '$(GenerateBindingRedirectsOutputType)' == 'true')的计算结果为('' == 'true' and 'true' == 'true')。
       由于条件的计算结果为 false，已跳过目标“_RemoveZipFileSuggestedRedirect”；('$(_TargetFrameworkVersionWithoutV)' >= '4.7.1' And '$(AllowZipFileRedirect)' != 'true')的计算结果为('4.0' >= '4.7.1' And '' != 'true')。
       由于条件的计算结果为 false，已跳过目标“GenerateBindingRedirectsUpdateAppConfig”；('$(AutoGenerateBindingRedirects)' == 'true' and '$(GenerateBindingRedirectsOutputType)' == 'true' and Exists('$(_GenerateBindingRedirectsIntermediateAppConfig)'))的计算结果为('' == 'true' and 'true' == 'true' and Exists('x64\Release\26、单调栈（续）、由斐波那契数列讲述矩阵快速幂技巧.exe.config'))。
       由于条件的计算结果为 false，已跳过目标“ResolveComReferences”；('@(COMReference)'!='' or '@(COMFileReference)'!='')的计算结果为(''!='' or ''!='')。
     1>来自项目“D:\dungeon craft\系统学习目录\算法数据结构体系学习班\c++src\26、单调栈（续）、由斐波那契数列讲述矩阵快速幂技巧\26、单调栈（续）、由斐波那契数列讲述矩阵快速幂技巧.vcxproj”的文件“D:\Program Files (x86)\Microsoft Visual Studio\2017\Enterprise\MSBuild\15.0\Bin\Microsoft.Common.CurrentVersion.targets”中的目标“AfterResolveReferences”(目标“ResolveReferences”依赖于它):
     1>已完成在项目“26、单调栈（续）、由斐波那契数列讲述矩阵快速幂技巧.vcxproj”中生成目标“AfterResolveReferences”的操作。
       由于条件的计算结果为 false，已跳过目标“ImplicitlyExpandDesignTimeFacades”；('$(ImplicitlyExpandDesignTimeFacades)' == 'true')的计算结果为('' == 'true')。
       由于条件的计算结果为 false，已跳过目标“ResolveTestReferences”；('@(Shadow)'!='')的计算结果为(''!='')。
     1>来自项目“D:\dungeon craft\系统学习目录\算法数据结构体系学习班\c++src\26、单调栈（续）、由斐波那契数列讲述矩阵快速幂技巧\26、单调栈（续）、由斐波那契数列讲述矩阵快速幂技巧.vcxproj”的文件“D:\Program Files (x86)\Microsoft Visual Studio\2017\Enterprise\MSBuild\15.0\Bin\Microsoft.Common.CurrentVersion.targets”中的目标“ResolveReferences”(目标“Build”依赖于它):
     1>已完成在项目“26、单调栈（续）、由斐波那契数列讲述矩阵快速幂技巧.vcxproj”中生成目标“ResolveReferences”的操作。
       已跳过目标“PrepareForBuild”。以前的生成已成功。
       已跳过目标“PrepareForBuild”。以前的生成已成功。
     1>来自项目“D:\dungeon craft\系统学习目录\算法数据结构体系学习班\c++src\26、单调栈（续）、由斐波那契数列讲述矩阵快速幂技巧\26、单调栈（续）、由斐波那契数列讲述矩阵快速幂技巧.vcxproj”的文件“D:\Program Files (x86)\Microsoft Visual Studio\2017\Enterprise\Common7\IDE\VC\VCTargets\Microsoft.CppBuild.targets”中的目标“InitializeBuildStatus”(目标“Build”依赖于它):
       正在使用程序集“Microsoft.Build.Tasks.Core, Version=15.1.0.0, Culture=neutral, PublicKeyToken=b03f5f7f11d50a3a”中的“ReadLinesFromFile”任务。
       任务“ReadLinesFromFile”
       已完成执行任务“ReadLinesFromFile”的操作。
       正在使用程序集“Microsoft.Build.Tasks.Core, Version=15.1.0.0, Culture=neutral, PublicKeyToken=b03f5f7f11d50a3a”中的“WriteLinesToFile”任务。
       任务“WriteLinesToFile”
       已完成执行任务“WriteLinesToFile”的操作。
       正在使用程序集“Microsoft.Build.Tasks.Core, Version=15.1.0.0, Culture=neutral, PublicKeyToken=b03f5f7f11d50a3a”中的“Touch”任务。
       任务“Touch”
         正在创建“x64\Release\26、单调栈（续.E20285D0.tlog\unsuccessfulbuild”，因为已指定“AlwaysCreate”。
       已完成执行任务“Touch”的操作。
     1>已完成在项目“26、单调栈（续）、由斐波那契数列讲述矩阵快速幂技巧.vcxproj”中生成目标“InitializeBuildStatus”的操作。
       已跳过目标“PrepareProjectReferences”。以前的生成已成功。
     1>来自项目“D:\dungeon craft\系统学习目录\算法数据结构体系学习班\c++src\26、单调栈（续）、由斐波那契数列讲述矩阵快速幂技巧\26、单调栈（续）、由斐波那契数列讲述矩阵快速幂技巧.vcxproj”的文件“D:\Program Files (x86)\Microsoft Visual Studio\2017\Enterprise\MSBuild\15.0\Bin\Microsoft.Common.CurrentVersion.targets”中的目标“BuildGenerateSourcesTraverse”(目标“BuildGenerateSources”依赖于它):
       由于 false 条件，已跳过任务“MSBuild”；('$(BuildPassReferences)' == 'true' and '@(ProjectReferenceWithConfiguration)' != '' and '@(_MSBuildProjectReferenceExistent)' != '' and '%(_MSBuildProjectReferenceExistent.BuildReference)' == 'true')计算为('' == 'true' and '' != '' and '' != '' and '' == 'true')。
     1>已完成在项目“26、单调栈（续）、由斐波那契数列讲述矩阵快速幂技巧.vcxproj”中生成目标“BuildGenerateSourcesTraverse”的操作。
       已跳过目标“PrepareForBuild”。以前的生成已成功。
       已跳过目标“ResolveReferences”。以前的生成已成功。
     1>来自项目“D:\dungeon craft\系统学习目录\算法数据结构体系学习班\c++src\26、单调栈（续）、由斐波那契数列讲述矩阵快速幂技巧\26、单调栈（续）、由斐波那契数列讲述矩阵快速幂技巧.vcxproj”的文件“D:\Program Files (x86)\Microsoft Visual Studio\2017\Enterprise\Common7\IDE\VC\VCTargets\Microsoft.BuildSteps.Targets”中的目标“BeforeBuildGenerateSources”(目标“_BuildGenerateSourcesAction”依赖于它):
     1>已完成在项目“26、单调栈（续）、由斐波那契数列讲述矩阵快速幂技巧.vcxproj”中生成目标“BeforeBuildGenerateSources”的操作。
     1>来自项目“D:\dungeon craft\系统学习目录\算法数据结构体系学习班\c++src\26、单调栈（续）、由斐波那契数列讲述矩阵快速幂技巧\26、单调栈（续）、由斐波那契数列讲述矩阵快速幂技巧.vcxproj”的文件“D:\Program Files (x86)\Microsoft Visual Studio\2017\Enterprise\Common7\IDE\VC\VCTargets\Microsoft.CppCommon.targets”中的目标“PreBuildEvent”(目标“_BuildGenerateSourcesAction”依赖于它):
       由于 false 条件，已跳过任务“Message”；('%(PreBuildEvent.Message)' != '' and '%(PreBuildEvent.Command)' != '')计算为('' != '' and '' != '')。
       由于 false 条件，已跳过任务“Exec”；('%(PreBuildEvent.Command)' != '')计算为('' != '')。
     1>已完成在项目“26、单调栈（续）、由斐波那契数列讲述矩阵快速幂技巧.vcxproj”中生成目标“PreBuildEvent”的操作。
       由于条件的计算结果为 false，已跳过目标“CustomBuild”；('@(CustomBuild)' != '')的计算结果为('' != '')。
       由于条件的计算结果为 false，已跳过目标“FxExport”；('@(FxCompile)' != '')的计算结果为('' != '')。
       由于条件的计算结果为 false，已跳过目标“FxCompile”；('@(FxCompile)' != '')的计算结果为('' != '')。
       由于条件的计算结果为 false，已跳过目标“_CreateCopyFileItems”；('@(CopyFileToFolders)' != '')的计算结果为('' != '')。
       已跳过目标“PrepareForBuild”。以前的生成已成功。
       已跳过目标“InitializeBuildStatus”。以前的生成已成功。
       已跳过目标“SetBuildDefaultEnvironmentVariables”。以前的生成已成功。
       由于条件的计算结果为 false，已跳过目标“SetUserMacroEnvironmentVariables”；('@(BuildMacro)' != '' and '$(DesignTimeBuild)' != 'true')的计算结果为('' != '' and '' != 'true')。
     1>来自项目“D:\dungeon craft\系统学习目录\算法数据结构体系学习班\c++src\26、单调栈（续）、由斐波那契数列讲述矩阵快速幂技巧\26、单调栈（续）、由斐波那契数列讲述矩阵快速幂技巧.vcxproj”的文件“D:\Program Files (x86)\Microsoft Visual Studio\2017\Enterprise\Common7\IDE\VC\VCTargets\Microsoft.CppBuild.targets”中的目标“_SelectedFiles”(目标“CopyFileToFolders”依赖于它):
     1>已完成在项目“26、单调栈（续）、由斐波那契数列讲述矩阵快速幂技巧.vcxproj”中生成目标“_SelectedFiles”的操作。
     1>来自项目“D:\dungeon craft\系统学习目录\算法数据结构体系学习班\c++src\26、单调栈（续）、由斐波那契数列讲述矩阵快速幂技巧\26、单调栈（续）、由斐波那契数列讲述矩阵快速幂技巧.vcxproj”的文件“D:\Program Files (x86)\Microsoft Visual Studio\2017\Enterprise\Common7\IDE\VC\VCTargets\Microsoft.CppCommon.targets”中的目标“CopyFileToFolders”(目标“_BuildGenerateSourcesAction”依赖于它):
       正在使用程序集“D:\Program Files (x86)\Microsoft Visual Studio\2017\Enterprise\Common7\IDE\VC\VCTargets\Microsoft.Build.CppTasks.Common.dll”中的“GetOutOfDateItems”任务。
       任务“GetOutOfDateItems”
       已完成执行任务“GetOutOfDateItems”的操作。
       由于 false 条件，已跳过任务“Copy”；('@(_OutOfDateCopyFile)' != '')计算为('' != '')。
     1>已完成在项目“26、单调栈（续）、由斐波那契数列讲述矩阵快速幂技巧.vcxproj”中生成目标“CopyFileToFolders”的操作。
       由于条件的计算结果为 false，已跳过目标“Xsd”；('@(Xsd)' != '')的计算结果为('' != '')。
     1>来自项目“D:\dungeon craft\系统学习目录\算法数据结构体系学习班\c++src\26、单调栈（续）、由斐波那契数列讲述矩阵快速幂技巧\26、单调栈（续）、由斐波那契数列讲述矩阵快速幂技巧.vcxproj”的文件“D:\Program Files (x86)\Microsoft Visual Studio\2017\Enterprise\Common7\IDE\VC\VCTargets\Microsoft.CppBuild.targets”中的目标“_Xsd”(目标“_BuildGenerateSourcesAction”依赖于它):
     1>已完成在项目“26、单调栈（续）、由斐波那契数列讲述矩阵快速幂技巧.vcxproj”中生成目标“_Xsd”的操作。
     1>来自项目“D:\dungeon craft\系统学习目录\算法数据结构体系学习班\c++src\26、单调栈（续）、由斐波那契数列讲述矩阵快速幂技巧\26、单调栈（续）、由斐波那契数列讲述矩阵快速幂技巧.vcxproj”的文件“D:\Program Files (x86)\Microsoft Visual Studio\2017\Enterprise\Common7\IDE\VC\VCTargets\Microsoft.CppBuild.targets”中的目标“MakeDirsForMidl”(目标“_Midl”依赖于它):
       任务“Makedir”
       已完成执行任务“Makedir”的操作。
     1>已完成在项目“26、单调栈（续）、由斐波那契数列讲述矩阵快速幂技巧.vcxproj”中生成目标“MakeDirsForMidl”的操作。
       由于条件的计算结果为 false，已跳过目标“Midl”；('@(Midl)' != '')的计算结果为('' != '')。
       由于条件的计算结果为 false，已跳过目标“CustomBuild”；('@(CustomBuild)' != '')的计算结果为('' != '')。
       由于条件的计算结果为 false，已跳过目标“FxExport”；('@(FxCompile)' != '')的计算结果为('' != '')。
       由于条件的计算结果为 false，已跳过目标“FxCompile”；('@(FxCompile)' != '')的计算结果为('' != '')。
     1>来自项目“D:\dungeon craft\系统学习目录\算法数据结构体系学习班\c++src\26、单调栈（续）、由斐波那契数列讲述矩阵快速幂技巧\26、单调栈（续）、由斐波那契数列讲述矩阵快速幂技巧.vcxproj”的文件“D:\Program Files (x86)\Microsoft Visual Studio\2017\Enterprise\Common7\IDE\VC\VCTargets\Microsoft.CppBuild.targets”中的目标“ComputeMIDLGeneratedCompileInputs”(目标“_Midl”依赖于它):
     1>已完成在项目“26、单调栈（续）、由斐波那契数列讲述矩阵快速幂技巧.vcxproj”中生成目标“ComputeMIDLGeneratedCompileInputs”的操作。
     1>来自项目“D:\dungeon craft\系统学习目录\算法数据结构体系学习班\c++src\26、单调栈（续）、由斐波那契数列讲述矩阵快速幂技巧\26、单调栈（续）、由斐波那契数列讲述矩阵快速幂技巧.vcxproj”的文件“D:\Program Files (x86)\Microsoft Visual Studio\2017\Enterprise\Common7\IDE\VC\VCTargets\Microsoft.CppBuild.targets”中的目标“AfterMidl”(目标“_Midl”依赖于它):
     1>已完成在项目“26、单调栈（续）、由斐波那契数列讲述矩阵快速幂技巧.vcxproj”中生成目标“AfterMidl”的操作。
     1>来自项目“D:\dungeon craft\系统学习目录\算法数据结构体系学习班\c++src\26、单调栈（续）、由斐波那契数列讲述矩阵快速幂技巧\26、单调栈（续）、由斐波那契数列讲述矩阵快速幂技巧.vcxproj”的文件“D:\Program Files (x86)\Microsoft Visual Studio\2017\Enterprise\Common7\IDE\VC\VCTargets\Microsoft.CppBuild.targets”中的目标“_Midl”(目标“_BuildGenerateSourcesAction”依赖于它):
     1>已完成在项目“26、单调栈（续）、由斐波那契数列讲述矩阵快速幂技巧.vcxproj”中生成目标“_Midl”的操作。
     1>来自项目“D:\dungeon craft\系统学习目录\算法数据结构体系学习班\c++src\26、单调栈（续）、由斐波那契数列讲述矩阵快速幂技巧\26、单调栈（续）、由斐波那契数列讲述矩阵快速幂技巧.vcxproj”的文件“D:\Program Files (x86)\Microsoft Visual Studio\2017\Enterprise\Common7\IDE\VC\VCTargets\Microsoft.BuildSteps.Targets”中的目标“AfterBuildGenerateSources”(目标“_BuildGenerateSourcesAction”依赖于它):
     1>已完成在项目“26、单调栈（续）、由斐波那契数列讲述矩阵快速幂技巧.vcxproj”中生成目标“AfterBuildGenerateSources”的操作。
     1>来自项目“D:\dungeon craft\系统学习目录\算法数据结构体系学习班\c++src\26、单调栈（续）、由斐波那契数列讲述矩阵快速幂技巧\26、单调栈（续）、由斐波那契数列讲述矩阵快速幂技巧.vcxproj”的文件“D:\Program Files (x86)\Microsoft Visual Studio\2017\Enterprise\Common7\IDE\VC\VCTargets\Microsoft.CppBuild.targets”中的目标“AfterBuildGenerateSourcesEvent”(目标“_BuildGenerateSourcesAction”依赖于它):
     1>已完成在项目“26、单调栈（续）、由斐波那契数列讲述矩阵快速幂技巧.vcxproj”中生成目标“AfterBuildGenerateSourcesEvent”的操作。
     1>来自项目“D:\dungeon craft\系统学习目录\算法数据结构体系学习班\c++src\26、单调栈（续）、由斐波那契数列讲述矩阵快速幂技巧\26、单调栈（续）、由斐波那契数列讲述矩阵快速幂技巧.vcxproj”的文件“D:\Program Files (x86)\Microsoft Visual Studio\2017\Enterprise\Common7\IDE\VC\VCTargets\Microsoft.CppBuild.targets”中的目标“_BuildGenerateSourcesAction”(目标“BuildGenerateSources”依赖于它):
     1>已完成在项目“26、单调栈（续）、由斐波那契数列讲述矩阵快速幂技巧.vcxproj”中生成目标“_BuildGenerateSourcesAction”的操作。
     1>来自项目“D:\dungeon craft\系统学习目录\算法数据结构体系学习班\c++src\26、单调栈（续）、由斐波那契数列讲述矩阵快速幂技巧\26、单调栈（续）、由斐波那契数列讲述矩阵快速幂技巧.vcxproj”的文件“D:\Program Files (x86)\Microsoft Visual Studio\2017\Enterprise\MSBuild\15.0\Bin\Microsoft.Common.CurrentVersion.targets”中的目标“BuildGenerateSources”(目标“Build”依赖于它):
     1>已完成在项目“26、单调栈（续）、由斐波那契数列讲述矩阵快速幂技巧.vcxproj”中生成目标“BuildGenerateSources”的操作。
       已跳过目标“PrepareProjectReferences”。以前的生成已成功。
     1>来自项目“D:\dungeon craft\系统学习目录\算法数据结构体系学习班\c++src\26、单调栈（续）、由斐波那契数列讲述矩阵快速幂技巧\26、单调栈（续）、由斐波那契数列讲述矩阵快速幂技巧.vcxproj”的文件“D:\Program Files (x86)\Microsoft Visual Studio\2017\Enterprise\MSBuild\15.0\Bin\Microsoft.Common.CurrentVersion.targets”中的目标“BuildCompileTraverse”(目标“BuildCompile”依赖于它):
       由于 false 条件，已跳过任务“MSBuild”；('$(BuildPassReferences)' == 'true' and '@(ProjectReferenceWithConfiguration)' != '' and '@(_MSBuildProjectReferenceExistent)' != ''  and '%(_MSBuildProjectReferenceExistent.BuildReference)' == 'true')计算为('' == 'true' and '' != '' and '' != ''  and '' == 'true')。
     1>已完成在项目“26、单调栈（续）、由斐波那契数列讲述矩阵快速幂技巧.vcxproj”中生成目标“BuildCompileTraverse”的操作。
       已跳过目标“PrepareForBuild”。以前的生成已成功。
       已跳过目标“ResolveReferences”。以前的生成已成功。
     1>来自项目“D:\dungeon craft\系统学习目录\算法数据结构体系学习班\c++src\26、单调栈（续）、由斐波那契数列讲述矩阵快速幂技巧\26、单调栈（续）、由斐波那契数列讲述矩阵快速幂技巧.vcxproj”的文件“D:\Program Files (x86)\Microsoft Visual Studio\2017\Enterprise\Common7\IDE\VC\VCTargets\Microsoft.CppBuild.targets”中的目标“BeforeClCompile”(目标“_ClCompile”依赖于它):
     1>已完成在项目“26、单调栈（续）、由斐波那契数列讲述矩阵快速幂技巧.vcxproj”中生成目标“BeforeClCompile”的操作。
       已跳过目标“ComputeMIDLGeneratedCompileInputs”。以前的生成已成功。
     1>来自项目“D:\dungeon craft\系统学习目录\算法数据结构体系学习班\c++src\26、单调栈（续）、由斐波那契数列讲述矩阵快速幂技巧\26、单调栈（续）、由斐波那契数列讲述矩阵快速幂技巧.vcxproj”的文件“D:\Program Files (x86)\Microsoft Visual Studio\2017\Enterprise\Common7\IDE\VC\VCTargets\Microsoft.CppBuild.targets”中的目标“ComputeCLInputPDBName”(目标“_ClCompile”依赖于它):
     1>已完成在项目“26、单调栈（续）、由斐波那契数列讲述矩阵快速幂技巧.vcxproj”中生成目标“ComputeCLInputPDBName”的操作。
       已跳过目标“ResolveReferences”。以前的生成已成功。
     1>来自项目“D:\dungeon craft\系统学习目录\算法数据结构体系学习班\c++src\26、单调栈（续）、由斐波那契数列讲述矩阵快速幂技巧\26、单调栈（续）、由斐波那契数列讲述矩阵快速幂技巧.vcxproj”的文件“D:\Program Files (x86)\Microsoft Visual Studio\2017\Enterprise\Common7\IDE\VC\VCTargets\Microsoft.CppBuild.targets”中的目标“ComputeReferenceCLInput”(目标“_ClCompile”依赖于它):
       由于 false 条件，已跳过任务“WriteLinesToFile”；(('@(_ReferenceCopyLocalPaths)'!='') and '$(DesignTimeBuild)' != 'true')计算为((''!='') and '' != 'true')。
       由于 false 条件，已跳过任务“Message”；('$(_REFERENCE_DEBUG)'=='true')计算为(''=='true')。
     1>已完成在项目“26、单调栈（续）、由斐波那契数列讲述矩阵快速幂技巧.vcxproj”中生成目标“ComputeReferenceCLInput”的操作。
     1>来自项目“D:\dungeon craft\系统学习目录\算法数据结构体系学习班\c++src\26、单调栈（续）、由斐波那契数列讲述矩阵快速幂技巧\26、单调栈（续）、由斐波那契数列讲述矩阵快速幂技巧.vcxproj”的文件“D:\Program Files (x86)\Microsoft Visual Studio\2017\Enterprise\Common7\IDE\VC\VCTargets\Microsoft.CppBuild.targets”中的目标“WarnCompileDuplicatedFilename”(目标“_ClCompile”依赖于它):
       由于 false 条件，已跳过任务“VCMessage”；('%(ClCompile.ExcludedFromBuild)' != 'true' and '%(Filename)%(Extension)' != '@(ClCompile->'%(Filename)%(Extension)')' and '%(ObjectFileName)' == '@(ClCompile->Metadata(ObjectFileName)->Distinct())')计算为('' != 'true' and 'main.cpp' != 'main.cpp' and 'x64\Release\' == 'x64\Release\')。
     1>已完成在项目“26、单调栈（续）、由斐波那契数列讲述矩阵快速幂技巧.vcxproj”中生成目标“WarnCompileDuplicatedFilename”的操作。
     1>来自项目“D:\dungeon craft\系统学习目录\算法数据结构体系学习班\c++src\26、单调栈（续）、由斐波那契数列讲述矩阵快速幂技巧\26、单调栈（续）、由斐波那契数列讲述矩阵快速幂技巧.vcxproj”的文件“D:\Program Files (x86)\Microsoft Visual Studio\2017\Enterprise\Common7\IDE\VC\VCTargets\Microsoft.CppCommon.targets”中的目标“FixupCLCompileOptions”(目标“_ClCompile”依赖于它):
     1>已完成在项目“26、单调栈（续）、由斐波那契数列讲述矩阵快速幂技巧.vcxproj”中生成目标“FixupCLCompileOptions”的操作。
     1>来自项目“D:\dungeon craft\系统学习目录\算法数据结构体系学习班\c++src\26、单调栈（续）、由斐波那契数列讲述矩阵快速幂技巧\26、单调栈（续）、由斐波那契数列讲述矩阵快速幂技巧.vcxproj”的文件“D:\Program Files (x86)\Microsoft Visual Studio\2017\Enterprise\Common7\IDE\VC\VCTargets\Microsoft.CppBuild.targets”中的目标“MakeDirsForCl”(目标“_ClCompile”依赖于它):
       任务“MakeDir”
       已完成执行任务“MakeDir”的操作。
     1>已完成在项目“26、单调栈（续）、由斐波那契数列讲述矩阵快速幂技巧.vcxproj”中生成目标“MakeDirsForCl”的操作。
       已跳过目标“_SelectedFiles”。以前的生成已成功。
       已跳过目标“ComputeMIDLGeneratedCompileInputs”。以前的生成已成功。
       已跳过目标“ComputeCLInputPDBName”。以前的生成已成功。
       已跳过目标“ComputeReferenceCLInput”。以前的生成已成功。
       已跳过目标“WarnCompileDuplicatedFilename”。以前的生成已成功。
       已跳过目标“FixupCLCompileOptions”。以前的生成已成功。
       已跳过目标“_SelectedFiles”。以前的生成已成功。
     1>来自项目“D:\dungeon craft\系统学习目录\算法数据结构体系学习班\c++src\26、单调栈（续）、由斐波那契数列讲述矩阵快速幂技巧\26、单调栈（续）、由斐波那契数列讲述矩阵快速幂技巧.vcxproj”的文件“D:\Program Files (x86)\Microsoft Visual Studio\2017\Enterprise\Common7\IDE\VC\VCTargets\Microsoft.CppBuild.targets”中的目标“SelectCustomBuild”(目标“SelectClCompile”依赖于它):
     1>已完成在项目“26、单调栈（续）、由斐波那契数列讲述矩阵快速幂技巧.vcxproj”中生成目标“SelectCustomBuild”的操作。
     1>来自项目“D:\dungeon craft\系统学习目录\算法数据结构体系学习班\c++src\26、单调栈（续）、由斐波那契数列讲述矩阵快速幂技巧\26、单调栈（续）、由斐波那契数列讲述矩阵快速幂技巧.vcxproj”的文件“D:\Program Files (x86)\Microsoft Visual Studio\2017\Enterprise\Common7\IDE\VC\VCTargets\Microsoft.CppBuild.targets”中的目标“SelectClCompile”(目标“ClCompile”依赖于它):
     1>已完成在项目“26、单调栈（续）、由斐波那契数列讲述矩阵快速幂技巧.vcxproj”中生成目标“SelectClCompile”的操作。
       由于条件的计算结果为 false，已跳过目标“GenerateTargetFrameworkMonikerAttribute”；('$(GenerateTargetFrameworkAttribute)' == 'true')的计算结果为('false' == 'true')。
       由于条件的计算结果为 false，已跳过目标“ManagedIncrementalBuildPreProcessDependencyGraph”；('@(ClCompile)' != '' and '$(EnableManagedIncrementalBuild)' == 'True')的计算结果为('main.cpp' != '' and 'false' == 'True')。
     1>来自项目“D:\dungeon craft\系统学习目录\算法数据结构体系学习班\c++src\26、单调栈（续）、由斐波那契数列讲述矩阵快速幂技巧\26、单调栈（续）、由斐波那契数列讲述矩阵快速幂技巧.vcxproj”的文件“D:\Program Files (x86)\Microsoft Visual Studio\2017\Enterprise\Common7\IDE\VC\VCTargets\Microsoft.CppCommon.targets”中的目标“ClCompile”(目标“_ClCompile”依赖于它):
       正在使用程序集“Microsoft.Build.Tasks.Core, Version=15.1.0.0, Culture=neutral, PublicKeyToken=b03f5f7f11d50a3a”中的“Delete”任务。
       任务“Delete”
       已完成执行任务“Delete”的操作。
       由于 false 条件，已跳过任务“CL”；('%(ClCompile.PrecompiledHeader)' == 'Create' and '%(ClCompile.ExcludedFromBuild)'!='true' and '%(ClCompile.CompilerIteration)' == '')计算为('NotUsing' == 'Create' and ''!='true' and '' == '')。
       正在使用程序集“D:\Program Files (x86)\Microsoft Visual Studio\2017\Enterprise\Common7\IDE\VC\VCTargets\Microsoft.Build.CppTasks.Common.dll”中的“CL”任务。
       任务“CL”
         因缺少 PDB“x64\Release\vc141.pdb”而强行要求对所有源文件重新编译。
         传递给工具的环境变量为:
           VS_UNICODE_OUTPUT=1592
         D:\Program Files (x86)\Microsoft Visual Studio\2017\Enterprise\VC\Tools\MSVC\14.16.27023\bin\HostX86\x64\CL.exe /c /Zi /nologo /W3 /WX- /diagnostics:classic /sdl /O2 /Oi /GL /D _UNICODE /D UNICODE /Gm- /EHsc /MD /GS /Gy /fp:precise /permissive- /Zc:wchar_t /Zc:forScope /Zc:inline /Fo"x64\Release\\" /Fd"x64\Release\vc141.pdb" /Gd /TP /FC /errorReport:prompt main.cpp
         跟踪命令:
         D:\Program Files (x86)\Microsoft Visual Studio\2017\Enterprise\MSBuild\15.0\Bin\Tracker.exe /d "C:\Program Files (x86)\MSBuild\15.0\FileTracker\FileTracker32.dll" /i "D:\dungeon craft\系统学习目录\算法数据结构体系学习班\c++src\26、单调栈（续）、由斐波那契数列讲述矩阵快速幂技巧\x64\Release\26、单调栈（续.E20285D0.tlog" /r "D:\DUNGEON CRAFT\系统学习目录\算法数据结构体系学习班\C++SRC\26、单调栈（续）、由斐波那契数列讲述矩阵快速幂技巧\MAIN.CPP" /b MSBuildConsole_CancelEvente9bac4a0429444409de1601de425c1fe  /c "D:\Program Files (x86)\Microsoft Visual Studio\2017\Enterprise\VC\Tools\MSVC\14.16.27023\bin\HostX86\x64\CL.exe"  /c /Zi /nologo /W3 /WX- /diagnostics:classic /sdl /O2 /Oi /GL /D _UNICODE /D UNICODE /Gm- /EHsc /MD /GS /Gy /fp:precise /permissive- /Zc:wchar_t /Zc:forScope /Zc:inline /Fo"x64\Release\\" /Fd"x64\Release\vc141.pdb" /Gd /TP /FC /errorReport:prompt main.cpp
         main.cpp
     1>d:\dungeon craft\系统学习目录\算法数据结构体系学习班\c++src\26、单调栈（续）、由斐波那契数列讲述矩阵快速幂技巧\code01_sumofsubarrayminimums.hpp : warning C4819: 该文件包含不能在当前代码页(936)中表示的字符。请将该文件保存为 Unicode 格式以防止数据丢失
     1>d:\dungeon craft\系统学习目录\算法数据结构体系学习班\c++src\26、单调栈（续）、由斐波那契数列讲述矩阵快速幂技巧\code01_sumofsubarrayminimums.hpp(28): warning C4267: “初始化”: 从“size_t”转换到“int”，可能丢失数据
       已完成执行任务“CL”的操作。
     1>已完成在项目“26、单调栈（续）、由斐波那契数列讲述矩阵快速幂技巧.vcxproj”中生成目标“ClCompile”的操作。
       由于条件的计算结果为 false，已跳过目标“RunSelectedFileNativeCodeAnalysis”；('$(RunCppAnalysis)'=='true' and '$(SelectedFiles)'!='')的计算结果为('false'=='true' and ''!='')。
       由于条件的计算结果为 false，已跳过目标“ManagedIncrementalBuildPostProcessDependencyGraph”；('@(ClCompile)' != '' and '$(EnableManagedIncrementalBuild)' == 'True')的计算结果为('main.cpp' != '' and 'false' == 'True')。
     1>来自项目“D:\dungeon craft\系统学习目录\算法数据结构体系学习班\c++src\26、单调栈（续）、由斐波那契数列讲述矩阵快速幂技巧\26、单调栈（续）、由斐波那契数列讲述矩阵快速幂技巧.vcxproj”的文件“D:\Program Files (x86)\Microsoft Visual Studio\2017\Enterprise\Common7\IDE\VC\VCTargets\Microsoft.CppBuild.targets”中的目标“AfterClCompile”(目标“_ClCompile”依赖于它):
     1>已完成在项目“26、单调栈（续）、由斐波那契数列讲述矩阵快速幂技巧.vcxproj”中生成目标“AfterClCompile”的操作。
     1>来自项目“D:\dungeon craft\系统学习目录\算法数据结构体系学习班\c++src\26、单调栈（续）、由斐波那契数列讲述矩阵快速幂技巧\26、单调栈（续）、由斐波那契数列讲述矩阵快速幂技巧.vcxproj”的文件“D:\Program Files (x86)\Microsoft Visual Studio\2017\Enterprise\Common7\IDE\VC\VCTargets\Microsoft.CppBuild.targets”中的目标“_ClCompile”(目标“_BuildCompileAction”依赖于它):
     1>已完成在项目“26、单调栈（续）、由斐波那契数列讲述矩阵快速幂技巧.vcxproj”中生成目标“_ClCompile”的操作。
       由于条件的计算结果为 false，已跳过目标“_ResGen”；('@(EmbeddedResource)'!='')的计算结果为(''!='')。
     1>来自项目“D:\dungeon craft\系统学习目录\算法数据结构体系学习班\c++src\26、单调栈（续）、由斐波那契数列讲述矩阵快速幂技巧\26、单调栈（续）、由斐波那契数列讲述矩阵快速幂技巧.vcxproj”的文件“D:\Program Files (x86)\Microsoft Visual Studio\2017\Enterprise\Common7\IDE\VC\VCTargets\Microsoft.CppBuild.targets”中的目标“BeforeResourceCompile”(目标“_ResourceCompile”依赖于它):
     1>已完成在项目“26、单调栈（续）、由斐波那契数列讲述矩阵快速幂技巧.vcxproj”中生成目标“BeforeResourceCompile”的操作。
     1>来自项目“D:\dungeon craft\系统学习目录\算法数据结构体系学习班\c++src\26、单调栈（续）、由斐波那契数列讲述矩阵快速幂技巧\26、单调栈（续）、由斐波那契数列讲述矩阵快速幂技巧.vcxproj”的文件“D:\Program Files (x86)\Microsoft Visual Studio\2017\Enterprise\Common7\IDE\VC\VCTargets\Microsoft.CppBuild.targets”中的目标“MakeDirsForResourceCompile”(目标“_ResourceCompile”依赖于它):
       任务“MakeDir”
       已完成执行任务“MakeDir”的操作。
     1>已完成在项目“26、单调栈（续）、由斐波那契数列讲述矩阵快速幂技巧.vcxproj”中生成目标“MakeDirsForResourceCompile”的操作。
       由于条件的计算结果为 false，已跳过目标“ResourceCompile”；('@(ResourceCompile)' != '')的计算结果为('' != '')。
     1>来自项目“D:\dungeon craft\系统学习目录\算法数据结构体系学习班\c++src\26、单调栈（续）、由斐波那契数列讲述矩阵快速幂技巧\26、单调栈（续）、由斐波那契数列讲述矩阵快速幂技巧.vcxproj”的文件“D:\Program Files (x86)\Microsoft Visual Studio\2017\Enterprise\Common7\IDE\VC\VCTargets\Microsoft.CppBuild.targets”中的目标“AfterResourceCompile”(目标“_ResourceCompile”依赖于它):
     1>已完成在项目“26、单调栈（续）、由斐波那契数列讲述矩阵快速幂技巧.vcxproj”中生成目标“AfterResourceCompile”的操作。
     1>来自项目“D:\dungeon craft\系统学习目录\算法数据结构体系学习班\c++src\26、单调栈（续）、由斐波那契数列讲述矩阵快速幂技巧\26、单调栈（续）、由斐波那契数列讲述矩阵快速幂技巧.vcxproj”的文件“D:\Program Files (x86)\Microsoft Visual Studio\2017\Enterprise\Common7\IDE\VC\VCTargets\Microsoft.CppBuild.targets”中的目标“_ResourceCompile”(目标“_BuildCompileAction”依赖于它):
     1>已完成在项目“26、单调栈（续）、由斐波那契数列讲述矩阵快速幂技巧.vcxproj”中生成目标“_ResourceCompile”的操作。
       由于条件的计算结果为 false，已跳过目标“_ImpLib”；('$(ImpLibCompiled)' == 'true')的计算结果为('' == 'true')。
       由于条件的计算结果为 false，已跳过目标“_Lib”；('$(LibCompiled)' == 'true')的计算结果为('' == 'true')。
     1>来自项目“D:\dungeon craft\系统学习目录\算法数据结构体系学习班\c++src\26、单调栈（续）、由斐波那契数列讲述矩阵快速幂技巧\26、单调栈（续）、由斐波那契数列讲述矩阵快速幂技巧.vcxproj”的文件“D:\Program Files (x86)\Microsoft Visual Studio\2017\Enterprise\Common7\IDE\VC\VCTargets\Microsoft.CppBuild.targets”中的目标“AfterBuildCompileEvent”(目标“_BuildCompileAction”依赖于它):
     1>已完成在项目“26、单调栈（续）、由斐波那契数列讲述矩阵快速幂技巧.vcxproj”中生成目标“AfterBuildCompileEvent”的操作。
     1>来自项目“D:\dungeon craft\系统学习目录\算法数据结构体系学习班\c++src\26、单调栈（续）、由斐波那契数列讲述矩阵快速幂技巧\26、单调栈（续）、由斐波那契数列讲述矩阵快速幂技巧.vcxproj”的文件“D:\Program Files (x86)\Microsoft Visual Studio\2017\Enterprise\Common7\IDE\VC\VCTargets\Microsoft.CppBuild.targets”中的目标“_BuildCompileAction”(目标“BuildCompile”依赖于它):
     1>已完成在项目“26、单调栈（续）、由斐波那契数列讲述矩阵快速幂技巧.vcxproj”中生成目标“_BuildCompileAction”的操作。
     1>来自项目“D:\dungeon craft\系统学习目录\算法数据结构体系学习班\c++src\26、单调栈（续）、由斐波那契数列讲述矩阵快速幂技巧\26、单调栈（续）、由斐波那契数列讲述矩阵快速幂技巧.vcxproj”的文件“D:\Program Files (x86)\Microsoft Visual Studio\2017\Enterprise\MSBuild\15.0\Bin\Microsoft.Common.CurrentVersion.targets”中的目标“BuildCompile”(目标“Build”依赖于它):
     1>已完成在项目“26、单调栈（续）、由斐波那契数列讲述矩阵快速幂技巧.vcxproj”中生成目标“BuildCompile”的操作。
       已跳过目标“PrepareProjectReferences”。以前的生成已成功。
     1>来自项目“D:\dungeon craft\系统学习目录\算法数据结构体系学习班\c++src\26、单调栈（续）、由斐波那契数列讲述矩阵快速幂技巧\26、单调栈（续）、由斐波那契数列讲述矩阵快速幂技巧.vcxproj”的文件“D:\Program Files (x86)\Microsoft Visual Studio\2017\Enterprise\MSBuild\15.0\Bin\Microsoft.Common.CurrentVersion.targets”中的目标“BuildLinkTraverse”(目标“BuildLink”依赖于它):
       由于 false 条件，已跳过任务“MSBuild”；('$(BuildPassReferences)' == 'true' and '@(ProjectReferenceWithConfiguration)' != '' and '@(_MSBuildProjectReferenceExistent)' != ''  and '%(_MSBuildProjectReferenceExistent.BuildReference)' == 'true')计算为('' == 'true' and '' != '' and '' != ''  and '' == 'true')。
     1>已完成在项目“26、单调栈（续）、由斐波那契数列讲述矩阵快速幂技巧.vcxproj”中生成目标“BuildLinkTraverse”的操作。
       已跳过目标“PrepareForBuild”。以前的生成已成功。
       已跳过目标“ResolveReferences”。以前的生成已成功。
     1>来自项目“D:\dungeon craft\系统学习目录\算法数据结构体系学习班\c++src\26、单调栈（续）、由斐波那契数列讲述矩阵快速幂技巧\26、单调栈（续）、由斐波那契数列讲述矩阵快速幂技巧.vcxproj”的文件“D:\Program Files (x86)\Microsoft Visual Studio\2017\Enterprise\Common7\IDE\VC\VCTargets\Microsoft.CppBuild.targets”中的目标“ComputeLegacyManifestEmbedding”(目标“_BuildLinkAction”依赖于它):
       由于 false 条件，已跳过任务“VCMessage”；('$(RevertManifestEmbedding)' == 'true' and '$(_LegacyManifestEmbeddingDebug)' == 'true')计算为('' == 'true' and '' == 'true')。
     1>已完成在项目“26、单调栈（续）、由斐波那契数列讲述矩阵快速幂技巧.vcxproj”中生成目标“ComputeLegacyManifestEmbedding”的操作。
     1>来自项目“D:\dungeon craft\系统学习目录\算法数据结构体系学习班\c++src\26、单调栈（续）、由斐波那契数列讲述矩阵快速幂技巧\26、单调栈（续）、由斐波那契数列讲述矩阵快速幂技巧.vcxproj”的文件“D:\Program Files (x86)\Microsoft Visual Studio\2017\Enterprise\Common7\IDE\VC\VCTargets\Microsoft.CppBuild.targets”中的目标“BeforeLink”(目标“_Link”依赖于它):
     1>已完成在项目“26、单调栈（续）、由斐波那契数列讲述矩阵快速幂技巧.vcxproj”中生成目标“BeforeLink”的操作。
     1>来自项目“D:\dungeon craft\系统学习目录\算法数据结构体系学习班\c++src\26、单调栈（续）、由斐波那契数列讲述矩阵快速幂技巧\26、单调栈（续）、由斐波那契数列讲述矩阵快速幂技巧.vcxproj”的文件“D:\Program Files (x86)\Microsoft Visual Studio\2017\Enterprise\Common7\IDE\VC\VCTargets\Microsoft.CppBuild.targets”中的目标“ComputeRCOutputs”(目标“ComputeRCGeneratedLinkInputs”依赖于它):
     1>已完成在项目“26、单调栈（续）、由斐波那契数列讲述矩阵快速幂技巧.vcxproj”中生成目标“ComputeRCOutputs”的操作。
     1>来自项目“D:\dungeon craft\系统学习目录\算法数据结构体系学习班\c++src\26、单调栈（续）、由斐波那契数列讲述矩阵快速幂技巧\26、单调栈（续）、由斐波那契数列讲述矩阵快速幂技巧.vcxproj”的文件“D:\Program Files (x86)\Microsoft Visual Studio\2017\Enterprise\Common7\IDE\VC\VCTargets\Microsoft.CppBuild.targets”中的目标“ComputeRCGeneratedLinkInputs”(目标“_Link”依赖于它):
     1>已完成在项目“26、单调栈（续）、由斐波那契数列讲述矩阵快速幂技巧.vcxproj”中生成目标“ComputeRCGeneratedLinkInputs”的操作。
     1>来自项目“D:\dungeon craft\系统学习目录\算法数据结构体系学习班\c++src\26、单调栈（续）、由斐波那契数列讲述矩阵快速幂技巧\26、单调栈（续）、由斐波那契数列讲述矩阵快速幂技巧.vcxproj”的文件“D:\Program Files (x86)\Microsoft Visual Studio\2017\Enterprise\Common7\IDE\VC\VCTargets\Microsoft.CppBuild.targets”中的目标“ComputeManifestGeneratedLinkerInputs”(目标“_Link”依赖于它):
     1>已完成在项目“26、单调栈（续）、由斐波那契数列讲述矩阵快速幂技巧.vcxproj”中生成目标“ComputeManifestGeneratedLinkerInputs”的操作。
     1>来自项目“D:\dungeon craft\系统学习目录\算法数据结构体系学习班\c++src\26、单调栈（续）、由斐波那契数列讲述矩阵快速幂技巧\26、单调栈（续）、由斐波那契数列讲述矩阵快速幂技巧.vcxproj”的文件“D:\Program Files (x86)\Microsoft Visual Studio\2017\Enterprise\Common7\IDE\VC\VCTargets\Microsoft.CppBuild.targets”中的目标“ComputeCustomBuildOutput”(目标“_Link”依赖于它):
       由于 false 条件，已跳过任务“CreateItem”；('%(CustomBuildOutputs.OutputItemType)'!='')计算为(''!='')。
       任务“MakeDir”
       已完成执行任务“MakeDir”的操作。
     1>已完成在项目“26、单调栈（续）、由斐波那契数列讲述矩阵快速幂技巧.vcxproj”中生成目标“ComputeCustomBuildOutput”的操作。
       已跳过目标“ComputeMIDLGeneratedCompileInputs”。以前的生成已成功。
       已跳过目标“ComputeCLInputPDBName”。以前的生成已成功。
       已跳过目标“ComputeReferenceCLInput”。以前的生成已成功。
       已跳过目标“WarnCompileDuplicatedFilename”。以前的生成已成功。
       已跳过目标“FixupCLCompileOptions”。以前的生成已成功。
     1>来自项目“D:\dungeon craft\系统学习目录\算法数据结构体系学习班\c++src\26、单调栈（续）、由斐波那契数列讲述矩阵快速幂技巧\26、单调栈（续）、由斐波那契数列讲述矩阵快速幂技巧.vcxproj”的文件“D:\Program Files (x86)\Microsoft Visual Studio\2017\Enterprise\Common7\IDE\VC\VCTargets\Microsoft.CppBuild.targets”中的目标“ComputeCLOutputs”(目标“ComputeCLGeneratedLinkInputs”依赖于它):
     1>已完成在项目“26、单调栈（续）、由斐波那契数列讲述矩阵快速幂技巧.vcxproj”中生成目标“ComputeCLOutputs”的操作。
     1>来自项目“D:\dungeon craft\系统学习目录\算法数据结构体系学习班\c++src\26、单调栈（续）、由斐波那契数列讲述矩阵快速幂技巧\26、单调栈（续）、由斐波那契数列讲述矩阵快速幂技巧.vcxproj”的文件“D:\Program Files (x86)\Microsoft Visual Studio\2017\Enterprise\Common7\IDE\VC\VCTargets\Microsoft.CppBuild.targets”中的目标“ComputeCLGeneratedLinkInputs”(目标“_Link”依赖于它):
     1>已完成在项目“26、单调栈（续）、由斐波那契数列讲述矩阵快速幂技巧.vcxproj”中生成目标“ComputeCLGeneratedLinkInputs”的操作。
     1>来自项目“D:\dungeon craft\系统学习目录\算法数据结构体系学习班\c++src\26、单调栈（续）、由斐波那契数列讲述矩阵快速幂技巧\26、单调栈（续）、由斐波那契数列讲述矩阵快速幂技巧.vcxproj”的文件“D:\Program Files (x86)\Microsoft Visual Studio\2017\Enterprise\Common7\IDE\VC\VCTargets\Microsoft.CppBuild.targets”中的目标“ComputeLinkInputsFromProject”(目标“_Link”依赖于它):
     1>已完成在项目“26、单调栈（续）、由斐波那契数列讲述矩阵快速幂技巧.vcxproj”中生成目标“ComputeLinkInputsFromProject”的操作。
       由于条件的计算结果为 false，已跳过目标“ComputeReferenceLinkInputs”；(@(ProjectReference) != '')的计算结果为( != '')。
     1>来自项目“D:\dungeon craft\系统学习目录\算法数据结构体系学习班\c++src\26、单调栈（续）、由斐波那契数列讲述矩阵快速幂技巧\26、单调栈（续）、由斐波那契数列讲述矩阵快速幂技巧.vcxproj”的文件“D:\Program Files (x86)\Microsoft Visual Studio\2017\Enterprise\Common7\IDE\VC\VCTargets\Microsoft.CppBuild.targets”中的目标“ComputeManifestInputsTargets”(目标“_Link”依赖于它):
     1>已完成在项目“26、单调栈（续）、由斐波那契数列讲述矩阵快速幂技巧.vcxproj”中生成目标“ComputeManifestInputsTargets”的操作。
       由于条件的计算结果为 false，已跳过目标“ManifestResourceCompile”；('$(EmbedManifestBy)' == 'LINK' and '@(Manifest)' != '')的计算结果为('MT' == 'LINK' and '' != '')。
       由于条件的计算结果为 false，已跳过目标“AssignWinFXEmbeddedResource”；('@(WinFXEmbeddedResource)' != '')的计算结果为('' != '')。
     1>来自项目“D:\dungeon craft\系统学习目录\算法数据结构体系学习班\c++src\26、单调栈（续）、由斐波那契数列讲述矩阵快速幂技巧\26、单调栈（续）、由斐波那契数列讲述矩阵快速幂技巧.vcxproj”的文件“D:\Program Files (x86)\Microsoft Visual Studio\2017\Enterprise\MSBuild\15.0\Bin\Microsoft.Common.CurrentVersion.targets”中的目标“AssignTargetPaths”(目标“PrepareResourceNames”依赖于它):
       正在使用程序集“Microsoft.Build.Tasks.Core, Version=15.1.0.0, Culture=neutral, PublicKeyToken=b03f5f7f11d50a3a”中的“AssignTargetPath”任务。
       任务“AssignTargetPath”
       已完成执行任务“AssignTargetPath”的操作。
       任务“AssignTargetPath”
       已完成执行任务“AssignTargetPath”的操作。
       任务“AssignTargetPath”
       已完成执行任务“AssignTargetPath”的操作。
       任务“AssignTargetPath”
       已完成执行任务“AssignTargetPath”的操作。
       由于 false 条件，已跳过任务“AssignTargetPath”；('@(_DeploymentBaseManifestWithTargetPath)'=='' and '%(None.Extension)'=='.manifest')计算为(''=='' and ''=='.manifest')。
     1>已完成在项目“26、单调栈（续）、由斐波那契数列讲述矩阵快速幂技巧.vcxproj”中生成目标“AssignTargetPaths”的操作。
       已跳过目标“AssignTargetPaths”。以前的生成已成功。
     1>来自项目“D:\dungeon craft\系统学习目录\算法数据结构体系学习班\c++src\26、单调栈（续）、由斐波那契数列讲述矩阵快速幂技巧\26、单调栈（续）、由斐波那契数列讲述矩阵快速幂技巧.vcxproj”的文件“D:\Program Files (x86)\Microsoft Visual Studio\2017\Enterprise\MSBuild\15.0\Bin\Microsoft.Common.CurrentVersion.targets”中的目标“SplitResourcesByCulture”(目标“PrepareResourceNames”依赖于它):
       由于 false 条件，已跳过任务“Warning”；('@(ResxWithNoCulture)'!='')计算为(''!='')。
       由于 false 条件，已跳过任务“Warning”；('@(ResxWithCulture)'!='')计算为(''!='')。
       由于 false 条件，已跳过任务“Warning”；('@(NonResxWithCulture)'!='')计算为(''!='')。
       由于 false 条件，已跳过任务“Warning”；('@(NonResxWithNoCulture)'!='')计算为(''!='')。
       正在使用程序集“Microsoft.Build.Tasks.Core, Version=15.1.0.0, Culture=neutral, PublicKeyToken=b03f5f7f11d50a3a”中的“AssignCulture”任务。
       任务“AssignCulture”
       已完成执行任务“AssignCulture”的操作。
     1>已完成在项目“26、单调栈（续）、由斐波那契数列讲述矩阵快速幂技巧.vcxproj”中生成目标“SplitResourcesByCulture”的操作。
       由于条件的计算结果为 false，已跳过目标“CreateManifestResourceNames”；('@(EmbeddedResource)' != '')的计算结果为('' != '')。
     1>来自项目“D:\dungeon craft\系统学习目录\算法数据结构体系学习班\c++src\26、单调栈（续）、由斐波那契数列讲述矩阵快速幂技巧\26、单调栈（续）、由斐波那契数列讲述矩阵快速幂技巧.vcxproj”的文件“D:\Program Files (x86)\Microsoft Visual Studio\2017\Enterprise\MSBuild\15.0\Bin\Microsoft.Common.CurrentVersion.targets”中的目标“CreateCustomManifestResourceNames”(目标“PrepareResourceNames”依赖于它):
     1>已完成在项目“26、单调栈（续）、由斐波那契数列讲述矩阵快速幂技巧.vcxproj”中生成目标“CreateCustomManifestResourceNames”的操作。
     1>来自项目“D:\dungeon craft\系统学习目录\算法数据结构体系学习班\c++src\26、单调栈（续）、由斐波那契数列讲述矩阵快速幂技巧\26、单调栈（续）、由斐波那契数列讲述矩阵快速幂技巧.vcxproj”的文件“D:\Program Files (x86)\Microsoft Visual Studio\2017\Enterprise\MSBuild\15.0\Bin\Microsoft.Common.CurrentVersion.targets”中的目标“PrepareResourceNames”(目标“_Link”依赖于它):
     1>已完成在项目“26、单调栈（续）、由斐波那契数列讲述矩阵快速幂技巧.vcxproj”中生成目标“PrepareResourceNames”的操作。
     1>来自项目“D:\dungeon craft\系统学习目录\算法数据结构体系学习班\c++src\26、单调栈（续）、由斐波那契数列讲述矩阵快速幂技巧\26、单调栈（续）、由斐波那契数列讲述矩阵快速幂技巧.vcxproj”的文件“D:\Program Files (x86)\Microsoft Visual Studio\2017\Enterprise\Common7\IDE\VC\VCTargets\Microsoft.CppBuild.targets”中的目标“MakeDirsForLink”(目标“_Link”依赖于它):
       任务“MakeDir”
       已完成执行任务“MakeDir”的操作。
     1>已完成在项目“26、单调栈（续）、由斐波那契数列讲述矩阵快速幂技巧.vcxproj”中生成目标“MakeDirsForLink”的操作。
     1>来自项目“D:\dungeon craft\系统学习目录\算法数据结构体系学习班\c++src\26、单调栈（续）、由斐波那契数列讲述矩阵快速幂技巧\26、单调栈（续）、由斐波那契数列讲述矩阵快速幂技巧.vcxproj”的文件“D:\Program Files (x86)\Microsoft Visual Studio\2017\Enterprise\Common7\IDE\VC\VCTargets\Microsoft.CppBuild.targets”中的目标“DoLinkOutputFilesMatch”(目标“_Link”依赖于它):
       由于 false 条件，已跳过任务“VCMessage”；('@(_OutputFileFromLink)' == '')计算为('D:\dungeon craft\系统学习目录\算法数据结构体系学习班\c++src\x64\Release\26、单调栈（续）、由斐波那契数列讲述矩阵快速幂技巧.exe' == '')。
       由于 false 条件，已跳过任务“VCMessage”；('@(_OutputFileFromLink)' != '' and '%(_OutputFileFromLink.FullPath)' != '$([System.IO.Path]::GetFullPath($(TargetPath)))')计算为('D:\dungeon craft\系统学习目录\算法数据结构体系学习班\c++src\x64\Release\26、单调栈（续）、由斐波那契数列讲述矩阵快速幂技巧.exe' != '' and 'D:\dungeon craft\系统学习目录\算法数据结构体系学习班\c++src\x64\Release\26、单调栈（续）、由斐波那契数列讲述矩阵快速幂技巧.exe' != 'D:\dungeon craft\系统学习目录\算法数据结构体系学习班\c++src\x64\Release\26、单调栈（续）、由斐波那契数列讲述矩阵快速幂技巧.exe')。
       由于 false 条件，已跳过任务“VCMessage”；('@(_OutputFileFromLink)' != '' and '%(_OutputFileFromLink.Extension)' != '' and '%(_OutputFileFromLink.Extension)' != '$(TargetExt)')计算为('D:\dungeon craft\系统学习目录\算法数据结构体系学习班\c++src\x64\Release\26、单调栈（续）、由斐波那契数列讲述矩阵快速幂技巧.exe' != '' and '.exe' != '' and '.exe' != '.exe')。
       由于 false 条件，已跳过任务“VCMessage”；('@(_OutputFileFromLink)' != '' and '%(_OutputFileFromLink.Filename)' != '' and '%(_OutputFileFromLink.Filename)' != '$(TargetName)')计算为('D:\dungeon craft\系统学习目录\算法数据结构体系学习班\c++src\x64\Release\26、单调栈（续）、由斐波那契数列讲述矩阵快速幂技巧.exe' != '' and '26、单调栈（续）、由斐波那契数列讲述矩阵快速幂技巧' != '' and '26、单调栈（续）、由斐波那契数列讲述矩阵快速幂技巧' != '26、单调栈（续）、由斐波那契数列讲述矩阵快速幂技巧')。
       由于 false 条件，已跳过任务“VCMessage”；('%(Link.MinimumRequiredVersion)' != '' and ('%(Link.Subsystem)' == '' or '%(Link.Subsystem)' == 'NotSet'))计算为('' != '' and ('Console' == '' or 'Console' == 'NotSet'))。
     1>已完成在项目“26、单调栈（续）、由斐波那契数列讲述矩阵快速幂技巧.vcxproj”中生成目标“DoLinkOutputFilesMatch”的操作。
     1>来自项目“D:\dungeon craft\系统学习目录\算法数据结构体系学习班\c++src\26、单调栈（续）、由斐波那契数列讲述矩阵快速幂技巧\26、单调栈（续）、由斐波那契数列讲述矩阵快速幂技巧.vcxproj”的文件“D:\Program Files (x86)\Microsoft Visual Studio\2017\Enterprise\Common7\IDE\VC\VCTargets\Microsoft.CppCommon.targets”中的目标“PreLinkEvent”(目标“_Link”依赖于它):
       由于 false 条件，已跳过任务“Message”；('%(PreLinkEvent.Message)' != '' and '%(PreLinkEvent.Command)' != '')计算为('' != '' and '' != '')。
       由于 false 条件，已跳过任务“Exec”；('%(PreLinkEvent.Command)' != '')计算为('' != '')。
     1>已完成在项目“26、单调栈（续）、由斐波那契数列讲述矩阵快速幂技巧.vcxproj”中生成目标“PreLinkEvent”的操作。
     1>来自项目“D:\dungeon craft\系统学习目录\算法数据结构体系学习班\c++src\26、单调栈（续）、由斐波那契数列讲述矩阵快速幂技巧\26、单调栈（续）、由斐波那契数列讲述矩阵快速幂技巧.vcxproj”的文件“D:\Program Files (x86)\Microsoft Visual Studio\2017\Enterprise\Common7\IDE\VC\VCTargets\Microsoft.CppCommon.targets”中的目标“ComputeLinkSwitches”(目标“Link”依赖于它):
     1>已完成在项目“26、单调栈（续）、由斐波那契数列讲述矩阵快速幂技巧.vcxproj”中生成目标“ComputeLinkSwitches”的操作。
     1>来自项目“D:\dungeon craft\系统学习目录\算法数据结构体系学习班\c++src\26、单调栈（续）、由斐波那契数列讲述矩阵快速幂技巧\26、单调栈（续）、由斐波那契数列讲述矩阵快速幂技巧.vcxproj”的文件“D:\Program Files (x86)\Microsoft Visual Studio\2017\Enterprise\Common7\IDE\VC\VCTargets\Microsoft.CppCommon.targets”中的目标“Link”(目标“_Link”依赖于它):
       正在使用程序集“D:\Program Files (x86)\Microsoft Visual Studio\2017\Enterprise\Common7\IDE\VC\VCTargets\Microsoft.Build.CppTasks.Common.dll”中的“Link”任务。
       任务“Link”
         传递给工具的环境变量为:
           VS_UNICODE_OUTPUT=1660
         D:\Program Files (x86)\Microsoft Visual Studio\2017\Enterprise\VC\Tools\MSVC\14.16.27023\bin\HostX86\x64\link.exe /ERRORREPORT:PROMPT /OUT:"D:\dungeon craft\系统学习目录\算法数据结构体系学习班\c++src\x64\Release\26、单调栈（续）、由斐波那契数列讲述矩阵快速幂技巧.exe" /NOLOGO kernel32.lib user32.lib gdi32.lib winspool.lib comdlg32.lib advapi32.lib shell32.lib ole32.lib oleaut32.lib uuid.lib odbc32.lib odbccp32.lib /MANIFEST /MANIFESTUAC:"level='asInvoker' uiAccess='false'" /manifest:embed /DEBUG:FULL /PDB:"D:\dungeon craft\系统学习目录\算法数据结构体系学习班\c++src\x64\Release\26、单调栈（续）、由斐波那契数列讲述矩阵快速幂技巧.pdb" /SUBSYSTEM:CONSOLE /OPT:REF /OPT:ICF /LTCG:incremental /TLBID:1 /DYNAMICBASE /NXCOMPAT /IMPLIB:"D:\dungeon craft\系统学习目录\算法数据结构体系学习班\c++src\x64\Release\26、单调栈（续）、由斐波那契数列讲述矩阵快速幂技巧.lib" /MACHINE:X64 x64\Release\main.obj
         跟踪命令:
         D:\Program Files (x86)\Microsoft Visual Studio\2017\Enterprise\MSBuild\15.0\Bin\Tracker.exe /a /d "C:\Program Files (x86)\MSBuild\15.0\FileTracker\FileTracker32.dll" /i "D:\dungeon craft\系统学习目录\算法数据结构体系学习班\c++src\26、单调栈（续）、由斐波那契数列讲述矩阵快速幂技巧\x64\Release\26、单调栈（续.E20285D0.tlog" /r "D:\DUNGEON CRAFT\系统学习目录\算法数据结构体系学习班\C++SRC\26、单调栈（续）、由斐波那契数列讲述矩阵快速幂技巧\X64\RELEASE\MAIN.OBJ" /b MSBuildConsole_CancelEvent793ee1d997624b8984e6909bb0a787ca  /c "D:\Program Files (x86)\Microsoft Visual Studio\2017\Enterprise\VC\Tools\MSVC\14.16.27023\bin\HostX86\x64\link.exe"  /ERRORREPORT:PROMPT /OUT:"D:\dungeon craft\系统学习目录\算法数据结构体系学习班\c++src\x64\Release\26、单调栈（续）、由斐波那契数列讲述矩阵快速幂技巧.exe" /NOLOGO kernel32.lib user32.lib gdi32.lib winspool.lib comdlg32.lib advapi32.lib shell32.lib ole32.lib oleaut32.lib uuid.lib odbc32.lib odbccp32.lib /MANIFEST /MANIFESTUAC:"level='asInvoker' uiAccess='false'" /manifest:embed /DEBUG:FULL /PDB:"D:\dungeon craft\系统学习目录\算法数据结构体系学习班\c++src\x64\Release\26、单调栈（续）、由斐波那契数列讲述矩阵快速幂技巧.pdb" /SUBSYSTEM:CONSOLE /OPT:REF /OPT:ICF /LTCG:incremental /TLBID:1 /DYNAMICBASE /NXCOMPAT /IMPLIB:"D:\dungeon craft\系统学习目录\算法数据结构体系学习班\c++src\x64\Release\26、单调栈（续）、由斐波那契数列讲述矩阵快速幂技巧.lib" /MACHINE:X64 x64\Release\main.obj
         正在生成代码
         All 75 functions were compiled because no usable IPDB/IOBJ from previous compilation was found.
         已完成代码的生成
       已完成执行任务“Link”的操作。
       任务“Message”
         26、单调栈（续）、由斐波那契数列讲述矩阵快速幂技巧.vcxproj -> D:\dungeon craft\系统学习目录\算法数据结构体系学习班\c++src\x64\Release\26、单调栈（续）、由斐波那契数列讲述矩阵快速幂技巧.exe
       已完成执行任务“Message”的操作。
       由于 false 条件，已跳过任务“VCMessage”；(('$(EmbedManifestBy)' != 'LINK' or '$(LegacyManifestEmbedding)' != 'true' or '$(LinkSkippedExecution)' == 'true') and
                    %(Link.GenerateDebugInformation) == 'DebugFastLink' and %(Link.ProgramDataBaseFileName) != '')计算为(('MT' != 'LINK' or '' != 'true' or 'False' == 'true') and
                    DebugFull == 'DebugFastLink' and  != '')。
       由于 false 条件，已跳过任务“VCMessage”；(('$(EmbedManifestBy)' != 'LINK' or '$(LegacyManifestEmbedding)' != 'true' or '$(LinkSkippedExecution)' == 'true') and
                    %(Link.GenerateDebugInformation) == 'true' and %(Link.ProgramDataBaseFileName) != '')计算为(('MT' != 'LINK' or '' != 'true' or 'False' == 'true') and
                    DebugFull == 'true' and  != '')。
     1>已完成在项目“26、单调栈（续）、由斐波那契数列讲述矩阵快速幂技巧.vcxproj”中生成目标“Link”的操作。
       由于条件的计算结果为 false，已跳过目标“MetaGenInputsOutputs”；('$(EnableManagedIncrementalBuild)' == 'True')的计算结果为('false' == 'True')。
       由于条件的计算结果为 false，已跳过目标“ComputeMetaGenInputs”；('$(CLRSupport)'!='' and '$(CLRSupport)'!='false')的计算结果为('false'!='' and 'false'!='false')。
       由于条件的计算结果为 false，已跳过目标“MetaGen”；('@(MetaGen)' != '')的计算结果为('' != '')。
     1>来自项目“D:\dungeon craft\系统学习目录\算法数据结构体系学习班\c++src\26、单调栈（续）、由斐波那契数列讲述矩阵快速幂技巧\26、单调栈（续）、由斐波那契数列讲述矩阵快速幂技巧.vcxproj”的文件“D:\Program Files (x86)\Microsoft Visual Studio\2017\Enterprise\Common7\IDE\VC\VCTargets\Microsoft.CppBuild.targets”中的目标“ComputeLinkImportLibraryOutputsForClean”(目标“_Link”依赖于它):
       任务“WriteLinesToFile”
       已完成执行任务“WriteLinesToFile”的操作。
     1>已完成在项目“26、单调栈（续）、由斐波那契数列讲述矩阵快速幂技巧.vcxproj”中生成目标“ComputeLinkImportLibraryOutputsForClean”的操作。
     1>来自项目“D:\dungeon craft\系统学习目录\算法数据结构体系学习班\c++src\26、单调栈（续）、由斐波那契数列讲述矩阵快速幂技巧\26、单调栈（续）、由斐波那契数列讲述矩阵快速幂技巧.vcxproj”的文件“D:\Program Files (x86)\Microsoft Visual Studio\2017\Enterprise\Common7\IDE\VC\VCTargets\Microsoft.CppBuild.targets”中的目标“AfterLink”(目标“_Link”依赖于它):
     1>已完成在项目“26、单调栈（续）、由斐波那契数列讲述矩阵快速幂技巧.vcxproj”中生成目标“AfterLink”的操作。
     1>来自项目“D:\dungeon craft\系统学习目录\算法数据结构体系学习班\c++src\26、单调栈（续）、由斐波那契数列讲述矩阵快速幂技巧\26、单调栈（续）、由斐波那契数列讲述矩阵快速幂技巧.vcxproj”的文件“D:\Program Files (x86)\Microsoft Visual Studio\2017\Enterprise\Common7\IDE\VC\VCTargets\Microsoft.CppBuild.targets”中的目标“_Link”(目标“_BuildLinkAction”依赖于它):
     1>已完成在项目“26、单调栈（续）、由斐波那契数列讲述矩阵快速幂技巧.vcxproj”中生成目标“_Link”的操作。
     1>来自项目“D:\dungeon craft\系统学习目录\算法数据结构体系学习班\c++src\26、单调栈（续）、由斐波那契数列讲述矩阵快速幂技巧\26、单调栈（续）、由斐波那契数列讲述矩阵快速幂技巧.vcxproj”的文件“D:\Program Files (x86)\Microsoft Visual Studio\2017\Enterprise\Common7\IDE\VC\VCTargets\Microsoft.CppBuild.targets”中的目标“_ALink”(目标“_BuildLinkAction”依赖于它):
     1>已完成在项目“26、单调栈（续）、由斐波那契数列讲述矩阵快速幂技巧.vcxproj”中生成目标“_ALink”的操作。
       已跳过目标“ComputeLegacyManifestEmbedding”。以前的生成已成功。
     1>来自项目“D:\dungeon craft\系统学习目录\算法数据结构体系学习班\c++src\26、单调栈（续）、由斐波那契数列讲述矩阵快速幂技巧\26、单调栈（续）、由斐波那契数列讲述矩阵快速幂技巧.vcxproj”的文件“D:\Program Files (x86)\Microsoft Visual Studio\2017\Enterprise\Common7\IDE\VC\VCTargets\Microsoft.CppBuild.targets”中的目标“_Manifest”(目标“_BuildLinkAction”依赖于它):
       由于 false 条件，已跳过任务“CallTarget”；('$(LegacyManifestEmbedding)' == 'true')计算为('' == 'true')。
     1>已完成在项目“26、单调栈（续）、由斐波那契数列讲述矩阵快速幂技巧.vcxproj”中生成目标“_Manifest”的操作。
     1>来自项目“D:\dungeon craft\系统学习目录\算法数据结构体系学习班\c++src\26、单调栈（续）、由斐波那契数列讲述矩阵快速幂技巧\26、单调栈（续）、由斐波那契数列讲述矩阵快速幂技巧.vcxproj”的文件“D:\Program Files (x86)\Microsoft Visual Studio\2017\Enterprise\Common7\IDE\VC\VCTargets\Microsoft.CppCommon.targets”中的目标“RegisterOutput”(目标“_BuildLinkAction”依赖于它):
       由于 false 条件，已跳过任务“Exec”；('$(ConfigurationType)'=='DynamicLibrary' and '%(Link.RegisterOutput)'=='true' and '%(Link.PerUserRedirection)'!='true')计算为('Application'=='DynamicLibrary' and 'false'=='true' and 'false'!='true')。
       由于 false 条件，已跳过任务“Exec”；('$(ConfigurationType)'=='DynamicLibrary' and '%(Link.RegisterOutput)'=='true' and '%(Link.PerUserRedirection)'=='true')计算为('Application'=='DynamicLibrary' and 'false'=='true' and 'false'=='true')。
       由于 false 条件，已跳过任务“Exec”；('$(ConfigurationType)'=='Application' and '%(Link.RegisterOutput)'=='true' and '%(Link.PerUserRedirection)'!='true')计算为('Application'=='Application' and 'false'=='true' and 'false'!='true')。
       由于 false 条件，已跳过任务“Exec”；('$(ConfigurationType)'=='Application' and '%(Link.RegisterOutput)'=='true' and '%(Link.PerUserRedirection)'=='true')计算为('Application'=='Application' and 'false'=='true' and 'false'=='true')。
       由于 false 条件，已跳过任务“VCMessage”；('$(_RegisterOutputExitCode)' != '' and '$(_RegisterOutputExitCode)' != '0')计算为('' != '' and '' != '0')。
     1>已完成在项目“26、单调栈（续）、由斐波那契数列讲述矩阵快速幂技巧.vcxproj”中生成目标“RegisterOutput”的操作。
       已跳过目标“PrepareForBuild”。以前的生成已成功。
       已跳过目标“ResolveReferences”。以前的生成已成功。
     1>来自项目“D:\dungeon craft\系统学习目录\算法数据结构体系学习班\c++src\26、单调栈（续）、由斐波那契数列讲述矩阵快速幂技巧\26、单调栈（续）、由斐波那契数列讲述矩阵快速幂技巧.vcxproj”的文件“D:\Program Files (x86)\Microsoft Visual Studio\2017\Enterprise\Common7\IDE\VC\VCTargets\Microsoft.CppBuild.targets”中的目标“ResolvedXDCMake”(目标“_XdcMake”依赖于它):
       由于 false 条件，已跳过任务“MSBuild”；('%(_MSBuildProjectReferenceExistent.Extension)' == '.vcxproj' and '@(ProjectReferenceWithConfiguration)' != '' and '@(_MSBuildProjectReferenceExistent)' != '' and '$(_ClCompileGenerateXMLDocumentationFiles)' == 'true')计算为('' == '.vcxproj' and '' != '' and '' != '' and '' == 'true')。
     1>已完成在项目“26、单调栈（续）、由斐波那契数列讲述矩阵快速幂技巧.vcxproj”中生成目标“ResolvedXDCMake”的操作。
     1>来自项目“D:\dungeon craft\系统学习目录\算法数据结构体系学习班\c++src\26、单调栈（续）、由斐波那契数列讲述矩阵快速幂技巧\26、单调栈（续）、由斐波那契数列讲述矩阵快速幂技巧.vcxproj”的文件“D:\Program Files (x86)\Microsoft Visual Studio\2017\Enterprise\Common7\IDE\VC\VCTargets\Microsoft.CppBuild.targets”中的目标“ComputeCLCompileGeneratedXDCFiles”(目标“_XdcMake”依赖于它):
     1>已完成在项目“26、单调栈（续）、由斐波那契数列讲述矩阵快速幂技巧.vcxproj”中生成目标“ComputeCLCompileGeneratedXDCFiles”的操作。
     1>来自项目“D:\dungeon craft\系统学习目录\算法数据结构体系学习班\c++src\26、单调栈（续）、由斐波那契数列讲述矩阵快速幂技巧\26、单调栈（续）、由斐波那契数列讲述矩阵快速幂技巧.vcxproj”的文件“D:\Program Files (x86)\Microsoft Visual Studio\2017\Enterprise\Common7\IDE\VC\VCTargets\Microsoft.CppBuild.targets”中的目标“MakeDirsForXdcMake”(目标“_XdcMake”依赖于它):
       任务“MakeDir”
       已完成执行任务“MakeDir”的操作。
     1>已完成在项目“26、单调栈（续）、由斐波那契数列讲述矩阵快速幂技巧.vcxproj”中生成目标“MakeDirsForXdcMake”的操作。
       由于条件的计算结果为 false，已跳过目标“XdcMake”；('@(XdcMake)' != '')的计算结果为('' != '')。
     1>来自项目“D:\dungeon craft\系统学习目录\算法数据结构体系学习班\c++src\26、单调栈（续）、由斐波那契数列讲述矩阵快速幂技巧\26、单调栈（续）、由斐波那契数列讲述矩阵快速幂技巧.vcxproj”的文件“D:\Program Files (x86)\Microsoft Visual Studio\2017\Enterprise\Common7\IDE\VC\VCTargets\Microsoft.CppBuild.targets”中的目标“_XdcMake”(目标“_BuildLinkAction”依赖于它):
     1>已完成在项目“26、单调栈（续）、由斐波那契数列讲述矩阵快速幂技巧.vcxproj”中生成目标“_XdcMake”的操作。
     1>来自项目“D:\dungeon craft\系统学习目录\算法数据结构体系学习班\c++src\26、单调栈（续）、由斐波那契数列讲述矩阵快速幂技巧\26、单调栈（续）、由斐波那契数列讲述矩阵快速幂技巧.vcxproj”的文件“D:\Program Files (x86)\Microsoft Visual Studio\2017\Enterprise\Common7\IDE\VC\VCTargets\Microsoft.CppBuild.targets”中的目标“ComputeCLCompileGeneratedSbrFiles”(目标“_BscMake”依赖于它):
     1>已完成在项目“26、单调栈（续）、由斐波那契数列讲述矩阵快速幂技巧.vcxproj”中生成目标“ComputeCLCompileGeneratedSbrFiles”的操作。
     1>来自项目“D:\dungeon craft\系统学习目录\算法数据结构体系学习班\c++src\26、单调栈（续）、由斐波那契数列讲述矩阵快速幂技巧\26、单调栈（续）、由斐波那契数列讲述矩阵快速幂技巧.vcxproj”的文件“D:\Program Files (x86)\Microsoft Visual Studio\2017\Enterprise\Common7\IDE\VC\VCTargets\Microsoft.CppBuild.targets”中的目标“MakeDirsForBscMake”(目标“_BscMake”依赖于它):
       任务“MakeDir”
       已完成执行任务“MakeDir”的操作。
     1>已完成在项目“26、单调栈（续）、由斐波那契数列讲述矩阵快速幂技巧.vcxproj”中生成目标“MakeDirsForBscMake”的操作。
       由于条件的计算结果为 false，已跳过目标“BscMake”；('@(BscMake)' != '')的计算结果为('' != '')。
       由于条件的计算结果为 false，已跳过目标“CustomBuildStep”；('@(CustomBuildStep)' != '' and '$(SelectedFiles)'=='')的计算结果为('' != '' and ''=='')。
     1>来自项目“D:\dungeon craft\系统学习目录\算法数据结构体系学习班\c++src\26、单调栈（续）、由斐波那契数列讲述矩阵快速幂技巧\26、单调栈（续）、由斐波那契数列讲述矩阵快速幂技巧.vcxproj”的文件“D:\Program Files (x86)\Microsoft Visual Studio\2017\Enterprise\Common7\IDE\VC\VCTargets\Microsoft.CppBuild.targets”中的目标“_BscMake”(目标“_BuildLinkAction”依赖于它):
     1>已完成在项目“26、单调栈（续）、由斐波那契数列讲述矩阵快速幂技巧.vcxproj”中生成目标“_BscMake”的操作。
     1>来自项目“D:\dungeon craft\系统学习目录\算法数据结构体系学习班\c++src\26、单调栈（续）、由斐波那契数列讲述矩阵快速幂技巧\26、单调栈（续）、由斐波那契数列讲述矩阵快速幂技巧.vcxproj”的文件“D:\Program Files (x86)\Microsoft Visual Studio\2017\Enterprise\MSBuild\15.0\Bin\Microsoft.Common.CurrentVersion.targets”中的目标“_GenerateSatelliteAssemblyInputs”(目标“CreateSatelliteAssemblies”依赖于它):
       由于 false 条件，已跳过任务“Warning”；('@(ManifestResourceWithCulture)'!='' and '%(ManifestResourceWithCulture.EmittedForCompatibilityOnly)'=='')计算为(''!='' and ''=='')。
       由于 false 条件，已跳过任务“Warning”；('@(ManifestNonResxWithCultureOnDisk)'!='' and '%(ManifestNonResxWithCultureOnDisk.EmittedForCompatibilityOnly)'=='')计算为(''!='' and ''=='')。
     1>已完成在项目“26、单调栈（续）、由斐波那契数列讲述矩阵快速幂技巧.vcxproj”中生成目标“_GenerateSatelliteAssemblyInputs”的操作。
       由于条件的计算结果为 false，已跳过目标“ComputeIntermediateSatelliteAssemblies”；(@(ReferenceSatellitePaths->'%(DestinationSubDirectory)') != '')的计算结果为( != '')。
       由于条件的计算结果为 false，已跳过目标“GenerateSatelliteAssemblies”；('@(_SatelliteAssemblyResourceInputs)' != '')的计算结果为('' != '')。
     1>来自项目“D:\dungeon craft\系统学习目录\算法数据结构体系学习班\c++src\26、单调栈（续）、由斐波那契数列讲述矩阵快速幂技巧\26、单调栈（续）、由斐波那契数列讲述矩阵快速幂技巧.vcxproj”的文件“D:\Program Files (x86)\Microsoft Visual Studio\2017\Enterprise\MSBuild\15.0\Bin\Microsoft.Common.CurrentVersion.targets”中的目标“CreateSatelliteAssemblies”(目标“_BuildLinkAction”依赖于它):
     1>已完成在项目“26、单调栈（续）、由斐波那契数列讲述矩阵快速幂技巧.vcxproj”中生成目标“CreateSatelliteAssemblies”的操作。
     1>来自项目“D:\dungeon craft\系统学习目录\算法数据结构体系学习班\c++src\26、单调栈（续）、由斐波那契数列讲述矩阵快速幂技巧\26、单调栈（续）、由斐波那契数列讲述矩阵快速幂技巧.vcxproj”的文件“D:\Program Files (x86)\Microsoft Visual Studio\2017\Enterprise\Common7\IDE\VC\VCTargets\Microsoft.CppBuild.targets”中的目标“_Appverifier”(目标“_BuildLinkAction”依赖于它):
     1>已完成在项目“26、单调栈（续）、由斐波那契数列讲述矩阵快速幂技巧.vcxproj”中生成目标“_Appverifier”的操作。
     1>来自项目“D:\dungeon craft\系统学习目录\算法数据结构体系学习班\c++src\26、单调栈（续）、由斐波那契数列讲述矩阵快速幂技巧\26、单调栈（续）、由斐波那契数列讲述矩阵快速幂技巧.vcxproj”的文件“D:\Program Files (x86)\Microsoft Visual Studio\2017\Enterprise\Common7\IDE\VC\VCTargets\Microsoft.CppBuild.targets”中的目标“_Deploy”(目标“_BuildLinkAction”依赖于它):
     1>已完成在项目“26、单调栈（续）、由斐波那契数列讲述矩阵快速幂技巧.vcxproj”中生成目标“_Deploy”的操作。
       由于条件的计算结果为 false，已跳过目标“ComputeIntermediateSatelliteAssemblies”；(@(ReferenceSatellitePaths->'%(DestinationSubDirectory)') != '')的计算结果为( != '')。
       由于条件的计算结果为 false，已跳过目标“_CopyFilesMarkedCopyLocal”；('@(ReferenceCopyLocalPaths)' != '')的计算结果为('' != '')。
       已跳过目标“AssignTargetPaths”。以前的生成已成功。
       已跳过目标“_SplitProjectReferencesByFileExistence”。以前的生成已成功。
       已跳过目标“_GetProjectReferenceTargetFrameworkProperties”。以前的生成已成功。
     1>来自项目“D:\dungeon craft\系统学习目录\算法数据结构体系学习班\c++src\26、单调栈（续）、由斐波那契数列讲述矩阵快速幂技巧\26、单调栈（续）、由斐波那契数列讲述矩阵快速幂技巧.vcxproj”的文件“C:\windows\Microsoft.NET\Framework\v4.0.30319\Microsoft.Xaml.targets”中的目标“GetCopyToOutputDirectoryXamlAppDefs”(目标“GetCopyToOutputDirectoryItems”依赖于它):
       任务“AssignTargetPath”
       已完成执行任务“AssignTargetPath”的操作。
     1>已完成在项目“26、单调栈（续）、由斐波那契数列讲述矩阵快速幂技巧.vcxproj”中生成目标“GetCopyToOutputDirectoryXamlAppDefs”的操作。
     1>来自项目“D:\dungeon craft\系统学习目录\算法数据结构体系学习班\c++src\26、单调栈（续）、由斐波那契数列讲述矩阵快速幂技巧\26、单调栈（续）、由斐波那契数列讲述矩阵快速幂技巧.vcxproj”的文件“D:\Program Files (x86)\Microsoft Visual Studio\2017\Enterprise\MSBuild\15.0\Bin\Microsoft.Common.CurrentVersion.targets”中的目标“GetCopyToOutputDirectoryItems”(目标“_CopySourceItemsToOutputDirectory”依赖于它):
       由于 false 条件，已跳过任务“MSBuild”；('@(_MSBuildProjectReferenceExistent)' != '' and '$(_GetChildProjectCopyToOutputDirectoryItems)' == 'true' and '%(_MSBuildProjectReferenceExistent.Private)' != 'false' and '$(UseCommonOutputDirectory)' != 'true')计算为('' != '' and 'true' == 'true' and '' != 'false' and 'false' != 'true')。
       任务“AssignTargetPath”
       已完成执行任务“AssignTargetPath”的操作。
     1>已完成在项目“26、单调栈（续）、由斐波那契数列讲述矩阵快速幂技巧.vcxproj”中生成目标“GetCopyToOutputDirectoryItems”的操作。
       由于条件的计算结果为 false，已跳过目标“_CopyOutOfDateSourceItemsToOutputDirectory”；( '@(_SourceItemsToCopyToOutputDirectory)' != '' )的计算结果为( '' != '' )。
       由于条件的计算结果为 false，已跳过目标“_CopyOutOfDateSourceItemsToOutputDirectoryAlways”；( '@(_SourceItemsToCopyToOutputDirectoryAlways)' != '' )的计算结果为( '' != '' )。
     1>来自项目“D:\dungeon craft\系统学习目录\算法数据结构体系学习班\c++src\26、单调栈（续）、由斐波那契数列讲述矩阵快速幂技巧\26、单调栈（续）、由斐波那契数列讲述矩阵快速幂技巧.vcxproj”的文件“D:\Program Files (x86)\Microsoft Visual Studio\2017\Enterprise\MSBuild\15.0\Bin\Microsoft.Common.CurrentVersion.targets”中的目标“_CopySourceItemsToOutputDirectory”(目标“CopyFilesToOutputDirectory”依赖于它):
     1>已完成在项目“26、单调栈（续）、由斐波那契数列讲述矩阵快速幂技巧.vcxproj”中生成目标“_CopySourceItemsToOutputDirectory”的操作。
       由于条件的计算结果为 false，已跳过目标“_CopyAppConfigFile”；( '@(AppConfigWithTargetPath)' != '' )的计算结果为( '' != '' )。
       由于条件的计算结果为 false，已跳过目标“_CopyManifestFiles”；( '$(_DeploymentCopyApplicationManifest)'=='true' or '$(GenerateClickOnceManifests)'=='true' )的计算结果为( ''=='true' or ''=='true' )。
     1>来自项目“D:\dungeon craft\系统学习目录\算法数据结构体系学习班\c++src\26、单调栈（续）、由斐波那契数列讲述矩阵快速幂技巧\26、单调栈（续）、由斐波那契数列讲述矩阵快速幂技巧.vcxproj”的文件“D:\Program Files (x86)\Microsoft Visual Studio\2017\Enterprise\MSBuild\15.0\Bin\Microsoft.Common.CurrentVersion.targets”中的目标“_CheckForCompileOutputs”(目标“CopyFilesToOutputDirectory”依赖于它):
     1>已完成在项目“26、单调栈（续）、由斐波那契数列讲述矩阵快速幂技巧.vcxproj”中生成目标“_CheckForCompileOutputs”的操作。
       由于条件的计算结果为 false，已跳过目标“_SGenCheckForOutputs”；('$(_SGenGenerateSerializationAssembliesConfig)' == 'On' or ('@(WebReferenceUrl)'!='' and '$(_SGenGenerateSerializationAssembliesConfig)' == 'Auto'))的计算结果为('Auto' == 'On' or (''!='' and 'Auto' == 'Auto'))。
     1>来自项目“D:\dungeon craft\系统学习目录\算法数据结构体系学习班\c++src\26、单调栈（续）、由斐波那契数列讲述矩阵快速幂技巧\26、单调栈（续）、由斐波那契数列讲述矩阵快速幂技巧.vcxproj”的文件“D:\Program Files (x86)\Microsoft Visual Studio\2017\Enterprise\MSBuild\15.0\Bin\Microsoft.Common.CurrentVersion.targets”中的目标“CopyFilesToOutputDirectory”(目标“PrepareForRun”依赖于它):
       由于 false 条件，已跳过任务“Copy”；('$(CopyBuildOutputToOutputDirectory)' == 'true' and '$(SkipCopyBuildProduct)' != 'true')计算为('true' == 'true' and 'true' != 'true')。
       由于 false 条件，已跳过任务“CopyRefAssembly”；('$(ProduceReferenceAssembly)' == 'true' and '$(CopyBuildOutputToOutputDirectory)' == 'true' and '$(SkipCopyBuildProduct)' != 'true')计算为('false' == 'true' and 'true' == 'true' and 'true' != 'true')。
       由于 false 条件，已跳过任务“Message”；('$(CopyBuildOutputToOutputDirectory)' == 'true' and '$(SkipCopyBuildProduct)'!='true')计算为('true' == 'true' and 'true'!='true')。
       由于 false 条件，已跳过任务“Copy”；('@(AddModules)' != '')计算为('' != '')。
       由于 false 条件，已跳过任务“Copy”；('$(_SGenDllCreated)'=='true')计算为('false'=='true')。
       由于 false 条件，已跳过任务“Copy”；('$(_DebugSymbolsProduced)'=='true' and '$(SkipCopyingSymbolsToOutputDirectory)' != 'true' and '$(CopyOutputSymbolsToOutputDirectory)'=='true')计算为('false'=='true' and '' != 'true' and 'true'=='true')。
       由于 false 条件，已跳过任务“Copy”；('$(_DocumentationFileProduced)'=='true')计算为('false'=='true')。
       由于 false 条件，已跳过任务“Copy”；('@(IntermediateSatelliteAssembliesWithTargetPath)' != '')计算为('' != '')。
       由于 false 条件，已跳过任务“Copy”；('@(ReferenceComWrappersToCopyLocal)' != '' or '@(ResolvedIsolatedComModules)' != '' or '@(_DeploymentLooseManifestFile)' != '' or '@(NativeReferenceFile)' != '' )计算为('' != '' or '' != '' or '' != '' or '' != '' )。
       由于 false 条件，已跳过任务“Copy”；('$(SkipCopyWinMDArtifact)' != 'true' and '@(WinMDExpArtifacts)' != '')计算为('' != 'true' and '' != '')。
       由于 false 条件，已跳过任务“Message”；('$(SkipCopyWinMDArtifact)' != 'true' and '$(_WindowsMetadataOutputPath)' != '')计算为('' != 'true' and '' != '')。
     1>已完成在项目“26、单调栈（续）、由斐波那契数列讲述矩阵快速幂技巧.vcxproj”中生成目标“CopyFilesToOutputDirectory”的操作。
     1>来自项目“D:\dungeon craft\系统学习目录\算法数据结构体系学习班\c++src\26、单调栈（续）、由斐波那契数列讲述矩阵快速幂技巧\26、单调栈（续）、由斐波那契数列讲述矩阵快速幂技巧.vcxproj”的文件“D:\Program Files (x86)\Microsoft Visual Studio\2017\Enterprise\MSBuild\15.0\Bin\Microsoft.Common.CurrentVersion.targets”中的目标“PrepareForRun”(目标“_BuildLinkAction”依赖于它):
     1>已完成在项目“26、单调栈（续）、由斐波那契数列讲述矩阵快速幂技巧.vcxproj”中生成目标“PrepareForRun”的操作。
       由于条件的计算结果为 false，已跳过目标“CustomBuildStep”；('@(CustomBuildStep)' != '' and '$(SelectedFiles)'=='')的计算结果为('' != '' and ''=='')。
     1>来自项目“D:\dungeon craft\系统学习目录\算法数据结构体系学习班\c++src\26、单调栈（续）、由斐波那契数列讲述矩阵快速幂技巧\26、单调栈（续）、由斐波那契数列讲述矩阵快速幂技巧.vcxproj”的文件“D:\Program Files (x86)\Microsoft Visual Studio\2017\Enterprise\Common7\IDE\VC\VCTargets\Microsoft.CppCommon.targets”中的目标“PostBuildEvent”(目标“_BuildLinkAction”依赖于它):
       由于 false 条件，已跳过任务“Message”；('%(PostBuildEvent.Message)' != '' and '%(PostBuildEvent.Command)' != '')计算为('' != '' and '' != '')。
       由于 false 条件，已跳过任务“Exec”；('%(PostBuildEvent.Command)' != '')计算为('' != '')。
     1>已完成在项目“26、单调栈（续）、由斐波那契数列讲述矩阵快速幂技巧.vcxproj”中生成目标“PostBuildEvent”的操作。
     1>来自项目“D:\dungeon craft\系统学习目录\算法数据结构体系学习班\c++src\26、单调栈（续）、由斐波那契数列讲述矩阵快速幂技巧\26、单调栈（续）、由斐波那契数列讲述矩阵快速幂技巧.vcxproj”的文件“D:\Program Files (x86)\Microsoft Visual Studio\2017\Enterprise\Common7\IDE\VC\VCTargets\Microsoft.CppBuild.targets”中的目标“_BuildLinkAction”(目标“BuildLink”依赖于它):
     1>已完成在项目“26、单调栈（续）、由斐波那契数列讲述矩阵快速幂技巧.vcxproj”中生成目标“_BuildLinkAction”的操作。
     1>来自项目“D:\dungeon craft\系统学习目录\算法数据结构体系学习班\c++src\26、单调栈（续）、由斐波那契数列讲述矩阵快速幂技巧\26、单调栈（续）、由斐波那契数列讲述矩阵快速幂技巧.vcxproj”的文件“D:\Program Files (x86)\Microsoft Visual Studio\2017\Enterprise\MSBuild\15.0\Bin\Microsoft.Common.CurrentVersion.targets”中的目标“BuildLink”(目标“Build”依赖于它):
     1>已完成在项目“26、单调栈（续）、由斐波那契数列讲述矩阵快速幂技巧.vcxproj”中生成目标“BuildLink”的操作。
     1>来自项目“D:\dungeon craft\系统学习目录\算法数据结构体系学习班\c++src\26、单调栈（续）、由斐波那契数列讲述矩阵快速幂技巧\26、单调栈（续）、由斐波那契数列讲述矩阵快速幂技巧.vcxproj”的文件“D:\Program Files (x86)\Microsoft Visual Studio\2017\Enterprise\Common7\IDE\VC\VCTargets\Microsoft.BuildSteps.Targets”中的目标“AfterBuild”(目标“Build”依赖于它):
     1>已完成在项目“26、单调栈（续）、由斐波那契数列讲述矩阵快速幂技巧.vcxproj”中生成目标“AfterBuild”的操作。
     1>来自项目“D:\dungeon craft\系统学习目录\算法数据结构体系学习班\c++src\26、单调栈（续）、由斐波那契数列讲述矩阵快速幂技巧\26、单调栈（续）、由斐波那契数列讲述矩阵快速幂技巧.vcxproj”的文件“D:\Program Files (x86)\Microsoft Visual Studio\2017\Enterprise\Common7\IDE\VC\VCTargets\Microsoft.CppBuild.targets”中的目标“FinalizeBuildStatus”(目标“Build”依赖于它):
       任务“Delete”
         正在删除文件“x64\Release\26、单调栈（续.E20285D0.tlog\unsuccessfulbuild”。
       已完成执行任务“Delete”的操作。
       任务“Touch”
         正在对“x64\Release\26、单调栈（续.E20285D0.tlog\26、单调栈（续）、由斐波那契数列讲述矩阵快速幂技巧.lastbuildstate”执行 Touch 任务。
       已完成执行任务“Touch”的操作。
     1>已完成在项目“26、单调栈（续）、由斐波那契数列讲述矩阵快速幂技巧.vcxproj”中生成目标“FinalizeBuildStatus”的操作。
       已跳过目标“_CheckForInvalidConfigurationAndPlatform”。以前的生成已成功。
       已跳过目标“_CheckForInvalidConfigurationAndPlatform”。以前的生成已成功。
     1>来自项目“D:\dungeon craft\系统学习目录\算法数据结构体系学习班\c++src\26、单调栈（续）、由斐波那契数列讲述矩阵快速幂技巧\26、单调栈（续）、由斐波那契数列讲述矩阵快速幂技巧.vcxproj”的文件“D:\Program Files (x86)\Microsoft Visual Studio\2017\Enterprise\Common7\IDE\VC\VCTargets\Microsoft.BuildSteps.Targets”中的目标“Build”(入口点):
     1>已完成在项目“26、单调栈（续）、由斐波那契数列讲述矩阵快速幂技巧.vcxproj”中生成目标“Build”的操作。
     1>已完成生成项目“D:\dungeon craft\系统学习目录\算法数据结构体系学习班\c++src\26、单调栈（续）、由斐波那契数列讲述矩阵快速幂技巧\26、单调栈（续）、由斐波那契数列讲述矩阵快速幂技巧.vcxproj”(Build 个目标)的操作。

已成功生成。

       “D:\dungeon craft\系统学习目录\算法数据结构体系学习班\c++src\26、单调栈（续）、由斐波那契数列讲述矩阵快速幂技巧\26、单调栈（续）、由斐波那契数列讲述矩阵快速幂技巧.vcxproj”(Build 目标) (1) ->
       (ClCompile 目标) -> 
         d:\dungeon craft\系统学习目录\算法数据结构体系学习班\c++src\26、单调栈（续）、由斐波那契数列讲述矩阵快速幂技巧\code01_sumofsubarrayminimums.hpp : warning C4819: 该文件包含不能在当前代码页(936)中表示的字符。请将该文件保存为 Unicode 格式以防止数据丢失
         d:\dungeon craft\系统学习目录\算法数据结构体系学习班\c++src\26、单调栈（续）、由斐波那契数列讲述矩阵快速幂技巧\code01_sumofsubarrayminimums.hpp(28): warning C4267: “初始化”: 从“size_t”转换到“int”，可能丢失数据

    2 个警告
    0 个错误

已用时间 00:00:01.55
